# JRE version: Java(TM) SE Runtime Environment (16.0.1+9) (build 16.0.1+9-24)
# Java VM: Java HotSpot(TM) 64-Bit Server VM (16.0.1+9-24, mixed mode, sharing, tiered, compressed oops, compressed class ptrs, g1 gc, windows-amd64)
GC Precious Log:
 CPUs: 16 total, 16 available
 Memory: 15731M
 Large Page Support: Disabled
 NUMA Support: Disabled
 Compressed Oops: Enabled (Zero based)
 Heap Region Size: 2M
 Heap Min Capacity: 8M
 Heap Initial Capacity: 246M
 Heap Max Capacity: 3934M
 Pre-touch: Disabled
 Parallel Workers: 13
 Concurrent Workers: 3
 Concurrent Refinement Workers: 13
 Periodic GC: Disabled
Heap:
 garbage-first heap   total 309248K, used 61939K [0x000000070a200000, 0x0000000800000000)
  region size 2048K, 4 young (8192K), 1 survivors (2048K)
 Metaspace       used 9994K, committed 10176K, reserved 1064960K
  class space    used 953K, committed 1024K, reserved 1048576K
GC Heap History (20 events):
Event: 19.724 GC heap before
{Heap before GC invocations=34 (full 0):
 garbage-first heap   total 309248K, used 138882K [0x000000070a200000, 0x0000000800000000)
  region size 2048K, 4 young (8192K), 2 survivors (4096K)
 Metaspace       used 9862K, committed 10048K, reserved 1064960K
  class space    used 949K, committed 1024K, reserved 1048576K
}
Event: 19.725 GC heap after
{Heap after GC invocations=35 (full 0):
 garbage-first heap   total 309248K, used 106169K [0x000000070a200000, 0x0000000800000000)
  region size 2048K, 2 young (4096K), 2 survivors (4096K)
 Metaspace       used 9862K, committed 10048K, reserved 1064960K
  class space    used 949K, committed 1024K, reserved 1048576K
}
Event: 19.991 GC heap before
{Heap before GC invocations=35 (full 0):
 garbage-first heap   total 309248K, used 138937K [0x000000070a200000, 0x0000000800000000)
  region size 2048K, 4 young (8192K), 2 survivors (4096K)
 Metaspace       used 9868K, committed 10048K, reserved 1064960K
  class space    used 949K, committed 1024K, reserved 1048576K
}
Event: 19.993 GC heap after
{Heap after GC invocations=36 (full 0):
 garbage-first heap   total 309248K, used 50877K [0x000000070a200000, 0x0000000800000000)
  region size 2048K, 2 young (4096K), 2 survivors (4096K)
 Metaspace       used 9868K, committed 10048K, reserved 1064960K
  class space    used 949K, committed 1024K, reserved 1048576K
}
Event: 20.732 GC heap before
{Heap before GC invocations=36 (full 0):
 garbage-first heap   total 309248K, used 138941K [0x000000070a200000, 0x0000000800000000)
  region size 2048K, 4 young (8192K), 2 survivors (4096K)
 Metaspace       used 9873K, committed 10048K, reserved 1064960K
  class space    used 949K, committed 1024K, reserved 1048576K
}
Event: 20.734 GC heap after
{Heap after GC invocations=37 (full 0):
 garbage-first heap   total 309248K, used 106167K [0x000000070a200000, 0x0000000800000000)
  region size 2048K, 2 young (4096K), 2 survivors (4096K)
 Metaspace       used 9873K, committed 10048K, reserved 1064960K
  class space    used 949K, committed 1024K, reserved 1048576K
}
Event: 21.025 GC heap before
{Heap before GC invocations=37 (full 0):
 garbage-first heap   total 309248K, used 138935K [0x000000070a200000, 0x0000000800000000)
  region size 2048K, 4 young (8192K), 2 survivors (4096K)
 Metaspace       used 9878K, committed 10048K, reserved 1064960K
  class space    used 949K, committed 1024K, reserved 1048576K
}
Event: 21.027 GC heap after
{Heap after GC invocations=38 (full 0):
 garbage-first heap   total 309248K, used 50870K [0x000000070a200000, 0x0000000800000000)
  region size 2048K, 2 young (4096K), 2 survivors (4096K)
 Metaspace       used 9878K, committed 10048K, reserved 1064960K
  class space    used 949K, committed 1024K, reserved 1048576K
}
Event: 21.775 GC heap before
{Heap before GC invocations=38 (full 0):
 garbage-first heap   total 309248K, used 138934K [0x000000070a200000, 0x0000000800000000)
  region size 2048K, 4 young (8192K), 2 survivors (4096K)
 Metaspace       used 9887K, committed 10048K, reserved 1064960K
  class space    used 949K, committed 1024K, reserved 1048576K
}
Event: 21.778 GC heap after
{Heap after GC invocations=39 (full 0):
 garbage-first heap   total 309248K, used 106170K [0x000000070a200000, 0x0000000800000000)
  region size 2048K, 2 young (4096K), 2 survivors (4096K)
 Metaspace       used 9887K, committed 10048K, reserved 1064960K
  class space    used 949K, committed 1024K, reserved 1048576K
}
Event: 22.090 GC heap before
{Heap before GC invocations=39 (full 0):
 garbage-first heap   total 309248K, used 138938K [0x000000070a200000, 0x0000000800000000)
  region size 2048K, 4 young (8192K), 2 survivors (4096K)
 Metaspace       used 9889K, committed 10048K, reserved 1064960K
  class space    used 949K, committed 1024K, reserved 1048576K
}
Event: 22.092 GC heap after
{Heap after GC invocations=40 (full 0):
 garbage-first heap   total 309248K, used 51001K [0x000000070a200000, 0x0000000800000000)
  region size 2048K, 1 young (2048K), 1 survivors (2048K)
 Metaspace       used 9889K, committed 10048K, reserved 1064960K
  class space    used 949K, committed 1024K, reserved 1048576K
}
Event: 22.842 GC heap before
{Heap before GC invocations=40 (full 0):
 garbage-first heap   total 309248K, used 139065K [0x000000070a200000, 0x0000000800000000)
  region size 2048K, 3 young (6144K), 1 survivors (2048K)
 Metaspace       used 9917K, committed 10112K, reserved 1064960K
  class space    used 949K, committed 1024K, reserved 1048576K
}
Event: 22.843 GC heap after
{Heap after GC invocations=41 (full 0):
 garbage-first heap   total 309248K, used 106320K [0x000000070a200000, 0x0000000800000000)
  region size 2048K, 1 young (2048K), 1 survivors (2048K)
 Metaspace       used 9917K, committed 10112K, reserved 1064960K
  class space    used 949K, committed 1024K, reserved 1048576K
}
Event: 23.169 GC heap before
{Heap before GC invocations=41 (full 0):
 garbage-first heap   total 309248K, used 139088K [0x000000070a200000, 0x0000000800000000)
  region size 2048K, 3 young (6144K), 1 survivors (2048K)
 Metaspace       used 9965K, committed 10112K, reserved 1064960K
  class space    used 953K, committed 1024K, reserved 1048576K
}
Event: 23.170 GC heap after
{Heap after GC invocations=42 (full 0):
 garbage-first heap   total 309248K, used 52408K [0x000000070a200000, 0x0000000800000000)
  region size 2048K, 1 young (2048K), 1 survivors (2048K)
 Metaspace       used 9965K, committed 10112K, reserved 1064960K
  class space    used 953K, committed 1024K, reserved 1048576K
}
Event: 23.940 GC heap before
{Heap before GC invocations=42 (full 0):
 garbage-first heap   total 309248K, used 142520K [0x000000070a200000, 0x0000000800000000)
  region size 2048K, 4 young (8192K), 1 survivors (2048K)
 Metaspace       used 9983K, committed 10112K, reserved 1064960K
  class space    used 953K, committed 1024K, reserved 1048576K
}
Event: 23.941 GC heap after
{Heap after GC invocations=43 (full 0):
 garbage-first heap   total 309248K, used 106994K [0x000000070a200000, 0x0000000800000000)
  region size 2048K, 1 young (2048K), 1 survivors (2048K)
 Metaspace       used 9983K, committed 10112K, reserved 1064960K
  class space    used 953K, committed 1024K, reserved 1048576K
}
Event: 24.548 GC heap before
{Heap before GC invocations=43 (full 0):
 garbage-first heap   total 309248K, used 143858K [0x000000070a200000, 0x0000000800000000)
  region size 2048K, 5 young (10240K), 1 survivors (2048K)
 Metaspace       used 9987K, committed 10112K, reserved 1064960K
  class space    used 953K, committed 1024K, reserved 1048576K
}
Event: 24.549 GC heap after
{Heap after GC invocations=44 (full 0):
 garbage-first heap   total 309248K, used 51699K [0x000000070a200000, 0x0000000800000000)
  region size 2048K, 1 young (2048K), 1 survivors (2048K)
 Metaspace       used 9987K, committed 10112K, reserved 1064960K
  class space    used 953K, committed 1024K, reserved 1048576K
}

