# JRE version: Java(TM) SE Runtime Environment (16.0.1+9) (build 16.0.1+9-24)
# Java VM: Java HotSpot(TM) 64-Bit Server VM (16.0.1+9-24, mixed mode, sharing, tiered, compressed oops, compressed class ptrs, g1 gc, windows-amd64)
GC Precious Log:
 CPUs: 16 total, 16 available
 Memory: 15731M
 Large Page Support: Disabled
 NUMA Support: Disabled
 Compressed Oops: Enabled (Zero based)
 Heap Region Size: 2M
 Heap Min Capacity: 8M
 Heap Initial Capacity: 246M
 Heap Max Capacity: 3934M
 Pre-touch: Disabled
 Parallel Workers: 13
 Concurrent Workers: 3
 Concurrent Refinement Workers: 13
 Periodic GC: Disabled
Heap:
 garbage-first heap   total 251904K, used 49332K [0x000000070a200000, 0x0000000800000000)
  region size 2048K, 2 young (4096K), 1 survivors (2048K)
 Metaspace       used 9518K, committed 9728K, reserved 1064960K
  class space    used 934K, committed 1024K, reserved 1048576K
GC Heap History (16 events):
Event: 2.088 GC heap before
{Heap before GC invocations=0 (full 0):
 garbage-first heap   total 251904K, used 110592K [0x000000070a200000, 0x0000000800000000)
  region size 2048K, 11 young (22528K), 0 survivors (0K)
 Metaspace       used 7905K, committed 8064K, reserved 1056768K
  class space    used 812K, committed 896K, reserved 1048576K
}
Event: 2.093 GC heap after
{Heap after GC invocations=1 (full 0):
 garbage-first heap   total 251904K, used 92574K [0x000000070a200000, 0x0000000800000000)
  region size 2048K, 2 young (4096K), 2 survivors (4096K)
 Metaspace       used 7905K, committed 8064K, reserved 1056768K
  class space    used 812K, committed 896K, reserved 1048576K
}
Event: 2.548 GC heap before
{Heap before GC invocations=1 (full 0):
 garbage-first heap   total 251904K, used 133534K [0x000000070a200000, 0x0000000800000000)
  region size 2048K, 11 young (22528K), 2 survivors (4096K)
 Metaspace       used 9263K, committed 9472K, reserved 1064960K
  class space    used 930K, committed 1024K, reserved 1048576K
}
Event: 2.551 GC heap after
{Heap after GC invocations=2 (full 0):
 garbage-first heap   total 251904K, used 38723K [0x000000070a200000, 0x0000000800000000)
  region size 2048K, 1 young (2048K), 1 survivors (2048K)
 Metaspace       used 9263K, committed 9472K, reserved 1064960K
  class space    used 930K, committed 1024K, reserved 1048576K
}
Event: 3.200 GC heap before
{Heap before GC invocations=2 (full 0):
 garbage-first heap   total 251904K, used 114499K [0x000000070a200000, 0x0000000800000000)
  region size 2048K, 3 young (6144K), 1 survivors (2048K)
 Metaspace       used 9326K, committed 9536K, reserved 1064960K
  class space    used 930K, committed 1024K, reserved 1048576K
}
Event: 3.201 GC heap after
{Heap after GC invocations=3 (full 0):
 garbage-first heap   total 251904K, used 93729K [0x000000070a200000, 0x0000000800000000)
  region size 2048K, 1 young (2048K), 1 survivors (2048K)
 Metaspace       used 9326K, committed 9536K, reserved 1064960K
  class space    used 930K, committed 1024K, reserved 1048576K
}
Event: 3.362 GC heap before
{Heap before GC invocations=3 (full 0):
 garbage-first heap   total 251904K, used 114209K [0x000000070a200000, 0x0000000800000000)
  region size 2048K, 3 young (6144K), 1 survivors (2048K)
 Metaspace       used 9335K, committed 9536K, reserved 1064960K
  class space    used 930K, committed 1024K, reserved 1048576K
}
Event: 3.363 GC heap after
{Heap after GC invocations=4 (full 0):
 garbage-first heap   total 251904K, used 38374K [0x000000070a200000, 0x0000000800000000)
  region size 2048K, 1 young (2048K), 1 survivors (2048K)
 Metaspace       used 9335K, committed 9536K, reserved 1064960K
  class space    used 930K, committed 1024K, reserved 1048576K
}
Event: 4.049 GC heap before
{Heap before GC invocations=4 (full 0):
 garbage-first heap   total 251904K, used 116198K [0x000000070a200000, 0x0000000800000000)
  region size 2048K, 4 young (8192K), 1 survivors (2048K)
 Metaspace       used 9465K, committed 9664K, reserved 1064960K
  class space    used 934K, committed 1024K, reserved 1048576K
}
Event: 4.051 GC heap after
{Heap after GC invocations=5 (full 0):
 garbage-first heap   total 251904K, used 94409K [0x000000070a200000, 0x0000000800000000)
  region size 2048K, 1 young (2048K), 1 survivors (2048K)
 Metaspace       used 9465K, committed 9664K, reserved 1064960K
  class space    used 934K, committed 1024K, reserved 1048576K
}
Event: 4.211 GC heap before
{Heap before GC invocations=5 (full 0):
 garbage-first heap   total 251904K, used 112841K [0x000000070a200000, 0x0000000800000000)
  region size 2048K, 2 young (4096K), 1 survivors (2048K)
 Metaspace       used 9469K, committed 9664K, reserved 1064960K
  class space    used 934K, committed 1024K, reserved 1048576K
}
Event: 4.213 GC heap after
{Heap after GC invocations=6 (full 0):
 garbage-first heap   total 251904K, used 39100K [0x000000070a200000, 0x0000000800000000)
  region size 2048K, 1 young (2048K), 1 survivors (2048K)
 Metaspace       used 9469K, committed 9664K, reserved 1064960K
  class space    used 934K, committed 1024K, reserved 1048576K
}
Event: 4.871 GC heap before
{Heap before GC invocations=6 (full 0):
 garbage-first heap   total 251904K, used 114876K [0x000000070a200000, 0x0000000800000000)
  region size 2048K, 3 young (6144K), 1 survivors (2048K)
 Metaspace       used 9505K, committed 9728K, reserved 1064960K
  class space    used 934K, committed 1024K, reserved 1048576K
}
Event: 4.872 GC heap after
{Heap after GC invocations=7 (full 0):
 garbage-first heap   total 251904K, used 94407K [0x000000070a200000, 0x0000000800000000)
  region size 2048K, 1 young (2048K), 1 survivors (2048K)
 Metaspace       used 9505K, committed 9728K, reserved 1064960K
  class space    used 934K, committed 1024K, reserved 1048576K
}
Event: 5.048 GC heap before
{Heap before GC invocations=7 (full 0):
 garbage-first heap   total 251904K, used 114887K [0x000000070a200000, 0x0000000800000000)
  region size 2048K, 3 young (6144K), 1 survivors (2048K)
 Metaspace       used 9517K, committed 9728K, reserved 1064960K
  class space    used 934K, committed 1024K, reserved 1048576K
}
Event: 5.050 GC heap after
{Heap after GC invocations=8 (full 0):
 garbage-first heap   total 251904K, used 39092K [0x000000070a200000, 0x0000000800000000)
  region size 2048K, 1 young (2048K), 1 survivors (2048K)
 Metaspace       used 9517K, committed 9728K, reserved 1064960K
  class space    used 934K, committed 1024K, reserved 1048576K
}

