# JRE version: Java(TM) SE Runtime Environment (16.0.1+9) (build 16.0.1+9-24)
# Java VM: Java HotSpot(TM) 64-Bit Server VM (16.0.1+9-24, mixed mode, sharing, tiered, compressed oops, compressed class ptrs, g1 gc, windows-amd64)
GC Precious Log:
 CPUs: 16 total, 16 available
 Memory: 15731M
 Large Page Support: Disabled
 NUMA Support: Disabled
 Compressed Oops: Enabled (Zero based)
 Heap Region Size: 2M
 Heap Min Capacity: 8M
 Heap Initial Capacity: 246M
 Heap Max Capacity: 3934M
 Pre-touch: Disabled
 Parallel Workers: 13
 Concurrent Workers: 3
 Concurrent Refinement Workers: 13
 Periodic GC: Disabled
Heap:
 garbage-first heap   total 307200K, used 137550K [0x000000070a200000, 0x0000000800000000)
  region size 2048K, 4 young (8192K), 2 survivors (4096K)
 Metaspace       used 9815K, committed 9984K, reserved 1064960K
  class space    used 936K, committed 1024K, reserved 1048576K
GC Heap History (20 events):
Event: 8.162 GC heap before
{Heap before GC invocations=13 (full 0):
 garbage-first heap   total 307200K, used 138905K [0x000000070a200000, 0x0000000800000000)
  region size 2048K, 4 young (8192K), 2 survivors (4096K)
 Metaspace       used 9590K, committed 9792K, reserved 1064960K
  class space    used 931K, committed 1024K, reserved 1048576K
}
Event: 8.164 GC heap after
{Heap after GC invocations=14 (full 0):
 garbage-first heap   total 307200K, used 44710K [0x000000070a200000, 0x0000000800000000)
  region size 2048K, 2 young (4096K), 2 survivors (4096K)
 Metaspace       used 9590K, committed 9792K, reserved 1064960K
  class space    used 931K, committed 1024K, reserved 1048576K
}
Event: 8.960 GC heap before
{Heap before GC invocations=14 (full 0):
 garbage-first heap   total 307200K, used 140966K [0x000000070a200000, 0x0000000800000000)
  region size 2048K, 5 young (10240K), 2 survivors (4096K)
 Metaspace       used 9636K, committed 9856K, reserved 1064960K
  class space    used 931K, committed 1024K, reserved 1048576K
}
Event: 8.961 GC heap after
{Heap after GC invocations=15 (full 0):
 garbage-first heap   total 307200K, used 112304K [0x000000070a200000, 0x0000000800000000)
  region size 2048K, 2 young (4096K), 2 survivors (4096K)
 Metaspace       used 9636K, committed 9856K, reserved 1064960K
  class space    used 931K, committed 1024K, reserved 1048576K
}
Event: 9.193 GC heap before
{Heap before GC invocations=15 (full 0):
 garbage-first heap   total 307200K, used 138928K [0x000000070a200000, 0x0000000800000000)
  region size 2048K, 4 young (8192K), 2 survivors (4096K)
 Metaspace       used 9639K, committed 9856K, reserved 1064960K
  class space    used 931K, committed 1024K, reserved 1048576K
}
Event: 9.195 GC heap after
{Heap after GC invocations=16 (full 0):
 garbage-first heap   total 307200K, used 44720K [0x000000070a200000, 0x0000000800000000)
  region size 2048K, 2 young (4096K), 2 survivors (4096K)
 Metaspace       used 9639K, committed 9856K, reserved 1064960K
  class space    used 931K, committed 1024K, reserved 1048576K
}
Event: 10.041 GC heap before
{Heap before GC invocations=16 (full 0):
 garbage-first heap   total 307200K, used 140976K [0x000000070a200000, 0x0000000800000000)
  region size 2048K, 5 young (10240K), 2 survivors (4096K)
 Metaspace       used 9681K, committed 9856K, reserved 1064960K
  class space    used 931K, committed 1024K, reserved 1048576K
}
Event: 10.043 GC heap after
{Heap after GC invocations=17 (full 0):
 garbage-first heap   total 307200K, used 112221K [0x000000070a200000, 0x0000000800000000)
  region size 2048K, 2 young (4096K), 2 survivors (4096K)
 Metaspace       used 9681K, committed 9856K, reserved 1064960K
  class space    used 931K, committed 1024K, reserved 1048576K
}
Event: 10.273 GC heap before
{Heap before GC invocations=17 (full 0):
 garbage-first heap   total 307200K, used 138845K [0x000000070a200000, 0x0000000800000000)
  region size 2048K, 4 young (8192K), 2 survivors (4096K)
 Metaspace       used 9681K, committed 9856K, reserved 1064960K
  class space    used 931K, committed 1024K, reserved 1048576K
}
Event: 10.275 GC heap after
{Heap after GC invocations=18 (full 0):
 garbage-first heap   total 307200K, used 44724K [0x000000070a200000, 0x0000000800000000)
  region size 2048K, 2 young (4096K), 2 survivors (4096K)
 Metaspace       used 9681K, committed 9856K, reserved 1064960K
  class space    used 931K, committed 1024K, reserved 1048576K
}
Event: 11.204 GC heap before
{Heap before GC invocations=18 (full 0):
 garbage-first heap   total 307200K, used 140980K [0x000000070a200000, 0x0000000800000000)
  region size 2048K, 5 young (10240K), 2 survivors (4096K)
 Metaspace       used 9740K, committed 9920K, reserved 1064960K
  class space    used 936K, committed 1024K, reserved 1048576K
}
Event: 11.207 GC heap after
{Heap after GC invocations=19 (full 0):
 garbage-first heap   total 307200K, used 113139K [0x000000070a200000, 0x0000000800000000)
  region size 2048K, 2 young (4096K), 2 survivors (4096K)
 Metaspace       used 9740K, committed 9920K, reserved 1064960K
  class space    used 936K, committed 1024K, reserved 1048576K
}
Event: 11.427 GC heap before
{Heap before GC invocations=19 (full 0):
 garbage-first heap   total 307200K, used 139763K [0x000000070a200000, 0x0000000800000000)
  region size 2048K, 4 young (8192K), 2 survivors (4096K)
 Metaspace       used 9747K, committed 9920K, reserved 1064960K
  class space    used 936K, committed 1024K, reserved 1048576K
}
Event: 11.428 GC heap after
{Heap after GC invocations=20 (full 0):
 garbage-first heap   total 307200K, used 45317K [0x000000070a200000, 0x0000000800000000)
  region size 2048K, 2 young (4096K), 2 survivors (4096K)
 Metaspace       used 9747K, committed 9920K, reserved 1064960K
  class space    used 936K, committed 1024K, reserved 1048576K
}
Event: 12.282 GC heap before
{Heap before GC invocations=20 (full 0):
 garbage-first heap   total 307200K, used 139525K [0x000000070a200000, 0x0000000800000000)
  region size 2048K, 4 young (8192K), 2 survivors (4096K)
 Metaspace       used 9753K, committed 9920K, reserved 1064960K
  class space    used 936K, committed 1024K, reserved 1048576K
}
Event: 12.284 GC heap after
{Heap after GC invocations=21 (full 0):
 garbage-first heap   total 307200K, used 112983K [0x000000070a200000, 0x0000000800000000)
  region size 2048K, 2 young (4096K), 2 survivors (4096K)
 Metaspace       used 9753K, committed 9920K, reserved 1064960K
  class space    used 936K, committed 1024K, reserved 1048576K
}
Event: 12.547 GC heap before
{Heap before GC invocations=21 (full 0):
 garbage-first heap   total 307200K, used 139607K [0x000000070a200000, 0x0000000800000000)
  region size 2048K, 4 young (8192K), 2 survivors (4096K)
 Metaspace       used 9758K, committed 9920K, reserved 1064960K
  class space    used 936K, committed 1024K, reserved 1048576K
}
Event: 12.549 GC heap after
{Heap after GC invocations=22 (full 0):
 garbage-first heap   total 307200K, used 45486K [0x000000070a200000, 0x0000000800000000)
  region size 2048K, 2 young (4096K), 2 survivors (4096K)
 Metaspace       used 9758K, committed 9920K, reserved 1064960K
  class space    used 936K, committed 1024K, reserved 1048576K
}
Event: 13.533 GC heap before
{Heap before GC invocations=22 (full 0):
 garbage-first heap   total 307200K, used 141742K [0x000000070a200000, 0x0000000800000000)
  region size 2048K, 5 young (10240K), 2 survivors (4096K)
 Metaspace       used 9815K, committed 9984K, reserved 1064960K
  class space    used 936K, committed 1024K, reserved 1048576K
}
Event: 13.536 GC heap after
{Heap after GC invocations=23 (full 0):
 garbage-first heap   total 307200K, used 112974K [0x000000070a200000, 0x0000000800000000)
  region size 2048K, 2 young (4096K), 2 survivors (4096K)
 Metaspace       used 9815K, committed 9984K, reserved 1064960K
  class space    used 936K, committed 1024K, reserved 1048576K
}

