# JRE version: Java(TM) SE Runtime Environment (16.0.1+9) (build 16.0.1+9-24)
# Java VM: Java HotSpot(TM) 64-Bit Server VM (16.0.1+9-24, mixed mode, sharing, tiered, compressed oops, compressed class ptrs, g1 gc, windows-amd64)
GC Precious Log:
 CPUs: 16 total, 16 available
 Memory: 15731M
 Large Page Support: Disabled
 NUMA Support: Disabled
 Compressed Oops: Enabled (Zero based)
 Heap Region Size: 2M
 Heap Min Capacity: 8M
 Heap Initial Capacity: 246M
 Heap Max Capacity: 3934M
 Pre-touch: Disabled
 Parallel Workers: 13
 Concurrent Workers: 3
 Concurrent Refinement Workers: 13
 Periodic GC: Disabled
Heap:
 garbage-first heap   total 251904K, used 121108K [0x000000070a200000, 0x0000000800000000)
  region size 2048K, 5 young (10240K), 1 survivors (2048K)
 Metaspace       used 9830K, committed 10048K, reserved 1064960K
  class space    used 935K, committed 1024K, reserved 1048576K
GC Heap History (20 events):
Event: 9.385 GC heap after
{Heap after GC invocations=18 (full 0):
 garbage-first heap   total 251904K, used 67104K [0x000000070a200000, 0x0000000800000000)
  region size 2048K, 1 young (2048K), 1 survivors (2048K)
 Metaspace       used 9775K, committed 9984K, reserved 1064960K
  class space    used 935K, committed 1024K, reserved 1048576K
}
Event: 9.833 GC heap before
{Heap before GC invocations=18 (full 0):
 garbage-first heap   total 251904K, used 134688K [0x000000070a200000, 0x0000000800000000)
  region size 2048K, 14 young (28672K), 1 survivors (2048K)
 Metaspace       used 9793K, committed 9984K, reserved 1064960K
  class space    used 935K, committed 1024K, reserved 1048576K
}
Event: 9.834 GC heap after
{Heap after GC invocations=19 (full 0):
 garbage-first heap   total 251904K, used 67106K [0x000000070a200000, 0x0000000800000000)
  region size 2048K, 1 young (2048K), 1 survivors (2048K)
 Metaspace       used 9793K, committed 9984K, reserved 1064960K
  class space    used 935K, committed 1024K, reserved 1048576K
}
Event: 10.281 GC heap before
{Heap before GC invocations=19 (full 0):
 garbage-first heap   total 251904K, used 134690K [0x000000070a200000, 0x0000000800000000)
  region size 2048K, 14 young (28672K), 1 survivors (2048K)
 Metaspace       used 9795K, committed 9984K, reserved 1064960K
  class space    used 935K, committed 1024K, reserved 1048576K
}
Event: 10.282 GC heap after
{Heap after GC invocations=20 (full 0):
 garbage-first heap   total 251904K, used 67114K [0x000000070a200000, 0x0000000800000000)
  region size 2048K, 1 young (2048K), 1 survivors (2048K)
 Metaspace       used 9795K, committed 9984K, reserved 1064960K
  class space    used 935K, committed 1024K, reserved 1048576K
}
Event: 10.742 GC heap before
{Heap before GC invocations=20 (full 0):
 garbage-first heap   total 251904K, used 134698K [0x000000070a200000, 0x0000000800000000)
  region size 2048K, 14 young (28672K), 1 survivors (2048K)
 Metaspace       used 9796K, committed 9984K, reserved 1064960K
  class space    used 935K, committed 1024K, reserved 1048576K
}
Event: 10.743 GC heap after
{Heap after GC invocations=21 (full 0):
 garbage-first heap   total 251904K, used 67127K [0x000000070a200000, 0x0000000800000000)
  region size 2048K, 1 young (2048K), 1 survivors (2048K)
 Metaspace       used 9796K, committed 9984K, reserved 1064960K
  class space    used 935K, committed 1024K, reserved 1048576K
}
Event: 11.236 GC heap before
{Heap before GC invocations=21 (full 0):
 garbage-first heap   total 251904K, used 134711K [0x000000070a200000, 0x0000000800000000)
  region size 2048K, 14 young (28672K), 1 survivors (2048K)
 Metaspace       used 9797K, committed 9984K, reserved 1064960K
  class space    used 935K, committed 1024K, reserved 1048576K
}
Event: 11.237 GC heap after
{Heap after GC invocations=22 (full 0):
 garbage-first heap   total 251904K, used 67131K [0x000000070a200000, 0x0000000800000000)
  region size 2048K, 1 young (2048K), 1 survivors (2048K)
 Metaspace       used 9797K, committed 9984K, reserved 1064960K
  class space    used 935K, committed 1024K, reserved 1048576K
}
Event: 11.722 GC heap before
{Heap before GC invocations=22 (full 0):
 garbage-first heap   total 251904K, used 134715K [0x000000070a200000, 0x0000000800000000)
  region size 2048K, 14 young (28672K), 1 survivors (2048K)
 Metaspace       used 9798K, committed 9984K, reserved 1064960K
  class space    used 935K, committed 1024K, reserved 1048576K
}
Event: 11.722 GC heap after
{Heap after GC invocations=23 (full 0):
 garbage-first heap   total 251904K, used 67138K [0x000000070a200000, 0x0000000800000000)
  region size 2048K, 1 young (2048K), 1 survivors (2048K)
 Metaspace       used 9798K, committed 9984K, reserved 1064960K
  class space    used 935K, committed 1024K, reserved 1048576K
}
Event: 12.080 GC heap before
{Heap before GC invocations=23 (full 0):
 garbage-first heap   total 251904K, used 112194K [0x000000070a200000, 0x0000000800000000)
  region size 2048K, 3 young (6144K), 1 survivors (2048K)
 Metaspace       used 9798K, committed 9984K, reserved 1064960K
  class space    used 935K, committed 1024K, reserved 1048576K
}
Event: 12.081 GC heap after
{Heap after GC invocations=24 (full 0):
 garbage-first heap   total 251904K, used 67140K [0x000000070a200000, 0x0000000800000000)
  region size 2048K, 1 young (2048K), 1 survivors (2048K)
 Metaspace       used 9798K, committed 9984K, reserved 1064960K
  class space    used 935K, committed 1024K, reserved 1048576K
}
Event: 12.533 GC heap before
{Heap before GC invocations=24 (full 0):
 garbage-first heap   total 251904K, used 134724K [0x000000070a200000, 0x0000000800000000)
  region size 2048K, 14 young (28672K), 1 survivors (2048K)
 Metaspace       used 9798K, committed 9984K, reserved 1064960K
  class space    used 935K, committed 1024K, reserved 1048576K
}
Event: 12.533 GC heap after
{Heap after GC invocations=25 (full 0):
 garbage-first heap   total 251904K, used 67145K [0x000000070a200000, 0x0000000800000000)
  region size 2048K, 1 young (2048K), 1 survivors (2048K)
 Metaspace       used 9798K, committed 9984K, reserved 1064960K
  class space    used 935K, committed 1024K, reserved 1048576K
}
Event: 12.959 GC heap before
{Heap before GC invocations=25 (full 0):
 garbage-first heap   total 251904K, used 134729K [0x000000070a200000, 0x0000000800000000)
  region size 2048K, 14 young (28672K), 1 survivors (2048K)
 Metaspace       used 9801K, committed 9984K, reserved 1064960K
  class space    used 935K, committed 1024K, reserved 1048576K
}
Event: 12.960 GC heap after
{Heap after GC invocations=26 (full 0):
 garbage-first heap   total 251904K, used 67851K [0x000000070a200000, 0x0000000800000000)
  region size 2048K, 1 young (2048K), 1 survivors (2048K)
 Metaspace       used 9801K, committed 9984K, reserved 1064960K
  class space    used 935K, committed 1024K, reserved 1048576K
}
Event: 13.337 GC heap before
{Heap before GC invocations=26 (full 0):
 garbage-first heap   total 251904K, used 117003K [0x000000070a200000, 0x0000000800000000)
  region size 2048K, 5 young (10240K), 1 survivors (2048K)
 Metaspace       used 9803K, committed 9984K, reserved 1064960K
  class space    used 935K, committed 1024K, reserved 1048576K
}
Event: 13.337 GC heap after
{Heap after GC invocations=27 (full 0):
 garbage-first heap   total 251904K, used 63764K [0x000000070a200000, 0x0000000800000000)
  region size 2048K, 1 young (2048K), 1 survivors (2048K)
 Metaspace       used 9803K, committed 9984K, reserved 1064960K
  class space    used 935K, committed 1024K, reserved 1048576K
}
Event: 13.774 GC heap before
{Heap before GC invocations=27 (full 0):
 garbage-first heap   total 251904K, used 119060K [0x000000070a200000, 0x0000000800000000)
  region size 2048K, 5 young (10240K), 1 survivors (2048K)
 Metaspace       used 9830K, committed 10048K, reserved 1064960K
  class space    used 935K, committed 1024K, reserved 1048576K
}

