# JRE version: Java(TM) SE Runtime Environment (16.0.1+9) (build 16.0.1+9-24)
# Java VM: Java HotSpot(TM) 64-Bit Server VM (16.0.1+9-24, mixed mode, sharing, tiered, compressed oops, compressed class ptrs, g1 gc, windows-amd64)
GC Precious Log:
 CPUs: 16 total, 16 available
 Memory: 15731M
 Large Page Support: Disabled
 NUMA Support: Disabled
 Compressed Oops: Enabled (Zero based)
 Heap Region Size: 2M
 Heap Min Capacity: 8M
 Heap Initial Capacity: 246M
 Heap Max Capacity: 3934M
 Pre-touch: Disabled
 Parallel Workers: 13
 Concurrent Workers: 3
 Concurrent Refinement Workers: 13
 Periodic GC: Disabled
Heap:
 garbage-first heap   total 319488K, used 94512K [0x000000070a200000, 0x0000000800000000)
  region size 2048K, 4 young (8192K), 2 survivors (4096K)
 Metaspace       used 9784K, committed 9984K, reserved 1064960K
  class space    used 936K, committed 1024K, reserved 1048576K
GC Heap History (20 events):
Event: 8.428 GC heap before
{Heap before GC invocations=14 (full 0):
 garbage-first heap   total 319488K, used 144382K [0x000000070a200000, 0x0000000800000000)
  region size 2048K, 4 young (8192K), 1 survivors (2048K)
 Metaspace       used 7304K, committed 7488K, reserved 1056768K
  class space    used 733K, committed 832K, reserved 1048576K
}
Event: 8.428 GC heap after
{Heap after GC invocations=15 (full 0):
 garbage-first heap   total 319488K, used 103422K [0x000000070a200000, 0x0000000800000000)
  region size 2048K, 1 young (2048K), 1 survivors (2048K)
 Metaspace       used 7304K, committed 7488K, reserved 1056768K
  class space    used 733K, committed 832K, reserved 1048576K
}
Event: 8.728 GC heap before
{Heap before GC invocations=15 (full 0):
 garbage-first heap   total 319488K, used 142334K [0x000000070a200000, 0x0000000800000000)
  region size 2048K, 3 young (6144K), 1 survivors (2048K)
 Metaspace       used 7304K, committed 7488K, reserved 1056768K
  class space    used 733K, committed 832K, reserved 1048576K
}
Event: 8.729 GC heap after
{Heap after GC invocations=16 (full 0):
 garbage-first heap   total 319488K, used 48126K [0x000000070a200000, 0x0000000800000000)
  region size 2048K, 1 young (2048K), 1 survivors (2048K)
 Metaspace       used 7304K, committed 7488K, reserved 1056768K
  class space    used 733K, committed 832K, reserved 1048576K
}
Event: 9.970 GC heap before
{Heap before GC invocations=16 (full 0):
 garbage-first heap   total 319488K, used 168958K [0x000000070a200000, 0x0000000800000000)
  region size 2048K, 16 young (32768K), 1 survivors (2048K)
 Metaspace       used 9587K, committed 9792K, reserved 1064960K
  class space    used 931K, committed 1024K, reserved 1048576K
}
Event: 9.972 GC heap after
{Heap after GC invocations=17 (full 0):
 garbage-first heap   total 319488K, used 105980K [0x000000070a200000, 0x0000000800000000)
  region size 2048K, 2 young (4096K), 2 survivors (4096K)
 Metaspace       used 9587K, committed 9792K, reserved 1064960K
  class space    used 931K, committed 1024K, reserved 1048576K
}
Event: 10.305 GC heap before
{Heap before GC invocations=17 (full 0):
 garbage-first heap   total 319488K, used 144892K [0x000000070a200000, 0x0000000800000000)
  region size 2048K, 4 young (8192K), 2 survivors (4096K)
 Metaspace       used 9595K, committed 9792K, reserved 1064960K
  class space    used 931K, committed 1024K, reserved 1048576K
}
Event: 10.307 GC heap after
{Heap after GC invocations=18 (full 0):
 garbage-first heap   total 319488K, used 56875K [0x000000070a200000, 0x0000000800000000)
  region size 2048K, 2 young (4096K), 2 survivors (4096K)
 Metaspace       used 9595K, committed 9792K, reserved 1064960K
  class space    used 931K, committed 1024K, reserved 1048576K
}
Event: 11.144 GC heap before
{Heap before GC invocations=18 (full 0):
 garbage-first heap   total 319488K, used 149035K [0x000000070a200000, 0x0000000800000000)
  region size 2048K, 6 young (12288K), 2 survivors (4096K)
 Metaspace       used 9697K, committed 9856K, reserved 1064960K
  class space    used 936K, committed 1024K, reserved 1048576K
}
Event: 11.147 GC heap after
{Heap after GC invocations=19 (full 0):
 garbage-first heap   total 319488K, used 106781K [0x000000070a200000, 0x0000000800000000)
  region size 2048K, 2 young (4096K), 2 survivors (4096K)
 Metaspace       used 9697K, committed 9856K, reserved 1064960K
  class space    used 936K, committed 1024K, reserved 1048576K
}
Event: 11.487 GC heap before
{Heap before GC invocations=19 (full 0):
 garbage-first heap   total 319488K, used 145693K [0x000000070a200000, 0x0000000800000000)
  region size 2048K, 4 young (8192K), 2 survivors (4096K)
 Metaspace       used 9708K, committed 9856K, reserved 1064960K
  class space    used 936K, committed 1024K, reserved 1048576K
}
Event: 11.488 GC heap after
{Heap after GC invocations=20 (full 0):
 garbage-first heap   total 319488K, used 57661K [0x000000070a200000, 0x0000000800000000)
  region size 2048K, 2 young (4096K), 2 survivors (4096K)
 Metaspace       used 9708K, committed 9856K, reserved 1064960K
  class space    used 936K, committed 1024K, reserved 1048576K
}
Event: 12.233 GC heap before
{Heap before GC invocations=20 (full 0):
 garbage-first heap   total 319488K, used 147773K [0x000000070a200000, 0x0000000800000000)
  region size 2048K, 5 young (10240K), 2 survivors (4096K)
 Metaspace       used 9724K, committed 9920K, reserved 1064960K
  class space    used 936K, committed 1024K, reserved 1048576K
}
Event: 12.234 GC heap after
{Heap after GC invocations=21 (full 0):
 garbage-first heap   total 319488K, used 106859K [0x000000070a200000, 0x0000000800000000)
  region size 2048K, 2 young (4096K), 2 survivors (4096K)
 Metaspace       used 9724K, committed 9920K, reserved 1064960K
  class space    used 936K, committed 1024K, reserved 1048576K
}
Event: 12.544 GC heap before
{Heap before GC invocations=21 (full 0):
 garbage-first heap   total 319488K, used 145771K [0x000000070a200000, 0x0000000800000000)
  region size 2048K, 4 young (8192K), 2 survivors (4096K)
 Metaspace       used 9727K, committed 9920K, reserved 1064960K
  class space    used 936K, committed 1024K, reserved 1048576K
}
Event: 12.545 GC heap after
{Heap after GC invocations=22 (full 0):
 garbage-first heap   total 319488K, used 57672K [0x000000070a200000, 0x0000000800000000)
  region size 2048K, 2 young (4096K), 2 survivors (4096K)
 Metaspace       used 9727K, committed 9920K, reserved 1064960K
  class space    used 936K, committed 1024K, reserved 1048576K
}
Event: 13.254 GC heap before
{Heap before GC invocations=22 (full 0):
 garbage-first heap   total 319488K, used 145736K [0x000000070a200000, 0x0000000800000000)
  region size 2048K, 4 young (8192K), 2 survivors (4096K)
 Metaspace       used 9754K, committed 9920K, reserved 1064960K
  class space    used 936K, committed 1024K, reserved 1048576K
}
Event: 13.255 GC heap after
{Heap after GC invocations=23 (full 0):
 garbage-first heap   total 319488K, used 106769K [0x000000070a200000, 0x0000000800000000)
  region size 2048K, 2 young (4096K), 2 survivors (4096K)
 Metaspace       used 9754K, committed 9920K, reserved 1064960K
  class space    used 936K, committed 1024K, reserved 1048576K
}
Event: 13.572 GC heap before
{Heap before GC invocations=23 (full 0):
 garbage-first heap   total 319488K, used 145681K [0x000000070a200000, 0x0000000800000000)
  region size 2048K, 4 young (8192K), 2 survivors (4096K)
 Metaspace       used 9782K, committed 9920K, reserved 1064960K
  class space    used 936K, committed 1024K, reserved 1048576K
}
Event: 13.574 GC heap after
{Heap after GC invocations=24 (full 0):
 garbage-first heap   total 319488K, used 57648K [0x000000070a200000, 0x0000000800000000)
  region size 2048K, 2 young (4096K), 2 survivors (4096K)
 Metaspace       used 9782K, committed 9920K, reserved 1064960K
  class space    used 936K, committed 1024K, reserved 1048576K
}

