# JRE version: Java(TM) SE Runtime Environment (16.0.1+9) (build 16.0.1+9-24)
# Java VM: Java HotSpot(TM) 64-Bit Server VM (16.0.1+9-24, mixed mode, sharing, tiered, compressed oops, compressed class ptrs, g1 gc, windows-amd64)
GC Precious Log:
 CPUs: 16 total, 16 available
 Memory: 15731M
 Large Page Support: Disabled
 NUMA Support: Disabled
 Compressed Oops: Enabled (Zero based)
 Heap Region Size: 2M
 Heap Min Capacity: 8M
 Heap Initial Capacity: 246M
 Heap Max Capacity: 3934M
 Pre-touch: Disabled
 Parallel Workers: 13
 Concurrent Workers: 3
 Concurrent Refinement Workers: 13
 Periodic GC: Disabled
Heap:
 garbage-first heap   total 251904K, used 112102K [0x000000070a200000, 0x0000000800000000)
  region size 2048K, 3 young (6144K), 1 survivors (2048K)
 Metaspace       used 9722K, committed 9920K, reserved 1064960K
  class space    used 935K, committed 1024K, reserved 1048576K
GC Heap History (20 events):
Event: 4.706 GC heap before
{Heap before GC invocations=5 (full 0):
 garbage-first heap   total 251904K, used 143530K [0x000000070a200000, 0x0000000800000000)
  region size 2048K, 17 young (34816K), 1 survivors (2048K)
 Metaspace       used 9512K, committed 9728K, reserved 1064960K
  class space    used 934K, committed 1024K, reserved 1048576K
}
Event: 4.708 GC heap after
{Heap after GC invocations=6 (full 0):
 garbage-first heap   total 251904K, used 69775K [0x000000070a200000, 0x0000000800000000)
  region size 2048K, 1 young (2048K), 1 survivors (2048K)
 Metaspace       used 9512K, committed 9728K, reserved 1064960K
  class space    used 934K, committed 1024K, reserved 1048576K
}
Event: 5.093 GC heap before
{Heap before GC invocations=6 (full 0):
 garbage-first heap   total 251904K, used 114831K [0x000000070a200000, 0x0000000800000000)
  region size 2048K, 3 young (6144K), 1 survivors (2048K)
 Metaspace       used 9529K, committed 9728K, reserved 1064960K
  class space    used 934K, committed 1024K, reserved 1048576K
}
Event: 5.095 GC heap after
{Heap after GC invocations=7 (full 0):
 garbage-first heap   total 251904K, used 63654K [0x000000070a200000, 0x0000000800000000)
  region size 2048K, 1 young (2048K), 1 survivors (2048K)
 Metaspace       used 9529K, committed 9728K, reserved 1064960K
  class space    used 934K, committed 1024K, reserved 1048576K
}
Event: 5.517 GC heap before
{Heap before GC invocations=7 (full 0):
 garbage-first heap   total 251904K, used 114854K [0x000000070a200000, 0x0000000800000000)
  region size 2048K, 3 young (6144K), 1 survivors (2048K)
 Metaspace       used 9544K, committed 9728K, reserved 1064960K
  class space    used 934K, committed 1024K, reserved 1048576K
}
Event: 5.519 GC heap after
{Heap after GC invocations=8 (full 0):
 garbage-first heap   total 251904K, used 69788K [0x000000070a200000, 0x0000000800000000)
  region size 2048K, 1 young (2048K), 1 survivors (2048K)
 Metaspace       used 9544K, committed 9728K, reserved 1064960K
  class space    used 934K, committed 1024K, reserved 1048576K
}
Event: 5.903 GC heap before
{Heap before GC invocations=8 (full 0):
 garbage-first heap   total 251904K, used 114844K [0x000000070a200000, 0x0000000800000000)
  region size 2048K, 3 young (6144K), 1 survivors (2048K)
 Metaspace       used 9591K, committed 9792K, reserved 1064960K
  class space    used 934K, committed 1024K, reserved 1048576K
}
Event: 5.904 GC heap after
{Heap after GC invocations=9 (full 0):
 garbage-first heap   total 251904K, used 63631K [0x000000070a200000, 0x0000000800000000)
  region size 2048K, 1 young (2048K), 1 survivors (2048K)
 Metaspace       used 9591K, committed 9792K, reserved 1064960K
  class space    used 934K, committed 1024K, reserved 1048576K
}
Event: 6.325 GC heap before
{Heap before GC invocations=9 (full 0):
 garbage-first heap   total 251904K, used 114831K [0x000000070a200000, 0x0000000800000000)
  region size 2048K, 3 young (6144K), 1 survivors (2048K)
 Metaspace       used 9617K, committed 9792K, reserved 1064960K
  class space    used 935K, committed 1024K, reserved 1048576K
}
Event: 6.326 GC heap after
{Heap after GC invocations=10 (full 0):
 garbage-first heap   total 251904K, used 69813K [0x000000070a200000, 0x0000000800000000)
  region size 2048K, 1 young (2048K), 1 survivors (2048K)
 Metaspace       used 9617K, committed 9792K, reserved 1064960K
  class space    used 935K, committed 1024K, reserved 1048576K
}
Event: 6.697 GC heap before
{Heap before GC invocations=10 (full 0):
 garbage-first heap   total 251904K, used 114869K [0x000000070a200000, 0x0000000800000000)
  region size 2048K, 3 young (6144K), 1 survivors (2048K)
 Metaspace       used 9631K, committed 9856K, reserved 1064960K
  class space    used 935K, committed 1024K, reserved 1048576K
}
Event: 6.698 GC heap after
{Heap after GC invocations=11 (full 0):
 garbage-first heap   total 251904K, used 63650K [0x000000070a200000, 0x0000000800000000)
  region size 2048K, 1 young (2048K), 1 survivors (2048K)
 Metaspace       used 9631K, committed 9856K, reserved 1064960K
  class space    used 935K, committed 1024K, reserved 1048576K
}
Event: 7.126 GC heap before
{Heap before GC invocations=11 (full 0):
 garbage-first heap   total 251904K, used 114850K [0x000000070a200000, 0x0000000800000000)
  region size 2048K, 3 young (6144K), 1 survivors (2048K)
 Metaspace       used 9685K, committed 9856K, reserved 1064960K
  class space    used 935K, committed 1024K, reserved 1048576K
}
Event: 7.127 GC heap after
{Heap after GC invocations=12 (full 0):
 garbage-first heap   total 251904K, used 69809K [0x000000070a200000, 0x0000000800000000)
  region size 2048K, 1 young (2048K), 1 survivors (2048K)
 Metaspace       used 9685K, committed 9856K, reserved 1064960K
  class space    used 935K, committed 1024K, reserved 1048576K
}
Event: 7.443 GC heap before
{Heap before GC invocations=12 (full 0):
 garbage-first heap   total 251904K, used 112817K [0x000000070a200000, 0x0000000800000000)
  region size 2048K, 3 young (6144K), 1 survivors (2048K)
 Metaspace       used 9699K, committed 9920K, reserved 1064960K
  class space    used 935K, committed 1024K, reserved 1048576K
}
Event: 7.444 GC heap after
{Heap after GC invocations=13 (full 0):
 garbage-first heap   total 251904K, used 60918K [0x000000070a200000, 0x0000000800000000)
  region size 2048K, 1 young (2048K), 1 survivors (2048K)
 Metaspace       used 9699K, committed 9920K, reserved 1064960K
  class space    used 935K, committed 1024K, reserved 1048576K
}
Event: 8.056 GC heap before
{Heap before GC invocations=13 (full 0):
 garbage-first heap   total 251904K, used 163318K [0x000000070a200000, 0x0000000800000000)
  region size 2048K, 26 young (53248K), 1 survivors (2048K)
 Metaspace       used 9709K, committed 9920K, reserved 1064960K
  class space    used 935K, committed 1024K, reserved 1048576K
}
Event: 8.058 GC heap after
{Heap after GC invocations=14 (full 0):
 garbage-first heap   total 251904K, used 73200K [0x000000070a200000, 0x0000000800000000)
  region size 2048K, 1 young (2048K), 1 survivors (2048K)
 Metaspace       used 9709K, committed 9920K, reserved 1064960K
  class space    used 935K, committed 1024K, reserved 1048576K
}
Event: 8.468 GC heap before
{Heap before GC invocations=14 (full 0):
 garbage-first heap   total 251904K, used 134640K [0x000000070a200000, 0x0000000800000000)
  region size 2048K, 14 young (28672K), 1 survivors (2048K)
 Metaspace       used 9721K, committed 9920K, reserved 1064960K
  class space    used 935K, committed 1024K, reserved 1048576K
}
Event: 8.469 GC heap after
{Heap after GC invocations=15 (full 0):
 garbage-first heap   total 251904K, used 60902K [0x000000070a200000, 0x0000000800000000)
  region size 2048K, 1 young (2048K), 1 survivors (2048K)
 Metaspace       used 9721K, committed 9920K, reserved 1064960K
  class space    used 935K, committed 1024K, reserved 1048576K
}

