# JRE version: Java(TM) SE Runtime Environment (16.0.1+9) (build 16.0.1+9-24)
# Java VM: Java HotSpot(TM) 64-Bit Server VM (16.0.1+9-24, mixed mode, sharing, tiered, compressed oops, compressed class ptrs, g1 gc, windows-amd64)
GC Precious Log:
 CPUs: 16 total, 16 available
 Memory: 15731M
 Large Page Support: Disabled
 NUMA Support: Disabled
 Compressed Oops: Enabled (Zero based)
 Heap Region Size: 2M
 Heap Min Capacity: 8M
 Heap Initial Capacity: 246M
 Heap Max Capacity: 3934M
 Pre-touch: Disabled
 Parallel Workers: 13
 Concurrent Workers: 3
 Concurrent Refinement Workers: 13
 Periodic GC: Disabled
Heap:
 garbage-first heap   total 251904K, used 85576K [0x000000070a200000, 0x0000000800000000)
  region size 2048K, 3 young (6144K), 1 survivors (2048K)
 Metaspace       used 10094K, committed 10240K, reserved 1064960K
  class space    used 935K, committed 1024K, reserved 1048576K
GC Heap History (20 events):
Event: 43.088 GC heap before
{Heap before GC invocations=100 (full 0):
 garbage-first heap   total 251904K, used 116291K [0x000000070a200000, 0x0000000800000000)
  region size 2048K, 3 young (6144K), 1 survivors (2048K)
 Metaspace       used 10093K, committed 10240K, reserved 1064960K
  class space    used 935K, committed 1024K, reserved 1048576K
}
Event: 43.089 GC heap after
{Heap after GC invocations=101 (full 0):
 garbage-first heap   total 251904K, used 89671K [0x000000070a200000, 0x0000000800000000)
  region size 2048K, 1 young (2048K), 1 survivors (2048K)
 Metaspace       used 10093K, committed 10240K, reserved 1064960K
  class space    used 935K, committed 1024K, reserved 1048576K
}
Event: 43.308 GC heap before
{Heap before GC invocations=101 (full 0):
 garbage-first heap   total 251904K, used 116295K [0x000000070a200000, 0x0000000800000000)
  region size 2048K, 3 young (6144K), 1 survivors (2048K)
 Metaspace       used 10093K, committed 10240K, reserved 1064960K
  class space    used 935K, committed 1024K, reserved 1048576K
}
Event: 43.309 GC heap after
{Heap after GC invocations=102 (full 0):
 garbage-first heap   total 251904K, used 46663K [0x000000070a200000, 0x0000000800000000)
  region size 2048K, 1 young (2048K), 1 survivors (2048K)
 Metaspace       used 10093K, committed 10240K, reserved 1064960K
  class space    used 935K, committed 1024K, reserved 1048576K
}
Event: 43.939 GC heap before
{Heap before GC invocations=102 (full 0):
 garbage-first heap   total 251904K, used 116295K [0x000000070a200000, 0x0000000800000000)
  region size 2048K, 3 young (6144K), 1 survivors (2048K)
 Metaspace       used 10093K, committed 10240K, reserved 1064960K
  class space    used 935K, committed 1024K, reserved 1048576K
}
Event: 43.941 GC heap after
{Heap after GC invocations=103 (full 0):
 garbage-first heap   total 251904K, used 89671K [0x000000070a200000, 0x0000000800000000)
  region size 2048K, 1 young (2048K), 1 survivors (2048K)
 Metaspace       used 10093K, committed 10240K, reserved 1064960K
  class space    used 935K, committed 1024K, reserved 1048576K
}
Event: 44.158 GC heap before
{Heap before GC invocations=103 (full 0):
 garbage-first heap   total 251904K, used 116295K [0x000000070a200000, 0x0000000800000000)
  region size 2048K, 3 young (6144K), 1 survivors (2048K)
 Metaspace       used 10094K, committed 10240K, reserved 1064960K
  class space    used 935K, committed 1024K, reserved 1048576K
}
Event: 44.159 GC heap after
{Heap after GC invocations=104 (full 0):
 garbage-first heap   total 251904K, used 46659K [0x000000070a200000, 0x0000000800000000)
  region size 2048K, 1 young (2048K), 1 survivors (2048K)
 Metaspace       used 10094K, committed 10240K, reserved 1064960K
  class space    used 935K, committed 1024K, reserved 1048576K
}
Event: 44.742 GC heap before
{Heap before GC invocations=104 (full 0):
 garbage-first heap   total 251904K, used 116291K [0x000000070a200000, 0x0000000800000000)
  region size 2048K, 3 young (6144K), 1 survivors (2048K)
 Metaspace       used 10094K, committed 10240K, reserved 1064960K
  class space    used 935K, committed 1024K, reserved 1048576K
}
Event: 44.743 GC heap after
{Heap after GC invocations=105 (full 0):
 garbage-first heap   total 251904K, used 89673K [0x000000070a200000, 0x0000000800000000)
  region size 2048K, 1 young (2048K), 1 survivors (2048K)
 Metaspace       used 10094K, committed 10240K, reserved 1064960K
  class space    used 935K, committed 1024K, reserved 1048576K
}
Event: 44.963 GC heap before
{Heap before GC invocations=105 (full 0):
 garbage-first heap   total 251904K, used 116297K [0x000000070a200000, 0x0000000800000000)
  region size 2048K, 3 young (6144K), 1 survivors (2048K)
 Metaspace       used 10094K, committed 10240K, reserved 1064960K
  class space    used 935K, committed 1024K, reserved 1048576K
}
Event: 44.964 GC heap after
{Heap after GC invocations=106 (full 0):
 garbage-first heap   total 251904K, used 46666K [0x000000070a200000, 0x0000000800000000)
  region size 2048K, 1 young (2048K), 1 survivors (2048K)
 Metaspace       used 10094K, committed 10240K, reserved 1064960K
  class space    used 935K, committed 1024K, reserved 1048576K
}
Event: 45.546 GC heap before
{Heap before GC invocations=106 (full 0):
 garbage-first heap   total 251904K, used 116298K [0x000000070a200000, 0x0000000800000000)
  region size 2048K, 3 young (6144K), 1 survivors (2048K)
 Metaspace       used 10094K, committed 10240K, reserved 1064960K
  class space    used 935K, committed 1024K, reserved 1048576K
}
Event: 45.547 GC heap after
{Heap after GC invocations=107 (full 0):
 garbage-first heap   total 251904K, used 89678K [0x000000070a200000, 0x0000000800000000)
  region size 2048K, 1 young (2048K), 1 survivors (2048K)
 Metaspace       used 10094K, committed 10240K, reserved 1064960K
  class space    used 935K, committed 1024K, reserved 1048576K
}
Event: 45.760 GC heap before
{Heap before GC invocations=107 (full 0):
 garbage-first heap   total 251904K, used 116302K [0x000000070a200000, 0x0000000800000000)
  region size 2048K, 3 young (6144K), 1 survivors (2048K)
 Metaspace       used 10094K, committed 10240K, reserved 1064960K
  class space    used 935K, committed 1024K, reserved 1048576K
}
Event: 45.761 GC heap after
{Heap after GC invocations=108 (full 0):
 garbage-first heap   total 251904K, used 46668K [0x000000070a200000, 0x0000000800000000)
  region size 2048K, 1 young (2048K), 1 survivors (2048K)
 Metaspace       used 10094K, committed 10240K, reserved 1064960K
  class space    used 935K, committed 1024K, reserved 1048576K
}
Event: 46.343 GC heap before
{Heap before GC invocations=108 (full 0):
 garbage-first heap   total 251904K, used 116300K [0x000000070a200000, 0x0000000800000000)
  region size 2048K, 3 young (6144K), 1 survivors (2048K)
 Metaspace       used 10094K, committed 10240K, reserved 1064960K
  class space    used 935K, committed 1024K, reserved 1048576K
}
Event: 46.344 GC heap after
{Heap after GC invocations=109 (full 0):
 garbage-first heap   total 251904K, used 89676K [0x000000070a200000, 0x0000000800000000)
  region size 2048K, 1 young (2048K), 1 survivors (2048K)
 Metaspace       used 10094K, committed 10240K, reserved 1064960K
  class space    used 935K, committed 1024K, reserved 1048576K
}
Event: 46.568 GC heap before
{Heap before GC invocations=109 (full 0):
 garbage-first heap   total 251904K, used 116300K [0x000000070a200000, 0x0000000800000000)
  region size 2048K, 3 young (6144K), 1 survivors (2048K)
 Metaspace       used 10094K, committed 10240K, reserved 1064960K
  class space    used 935K, committed 1024K, reserved 1048576K
}
Event: 46.569 GC heap after
{Heap after GC invocations=110 (full 0):
 garbage-first heap   total 251904K, used 46664K [0x000000070a200000, 0x0000000800000000)
  region size 2048K, 1 young (2048K), 1 survivors (2048K)
 Metaspace       used 10094K, committed 10240K, reserved 1064960K
  class space    used 935K, committed 1024K, reserved 1048576K
}

