# JRE version: Java(TM) SE Runtime Environment (16.0.1+9) (build 16.0.1+9-24)
# Java VM: Java HotSpot(TM) 64-Bit Server VM (16.0.1+9-24, mixed mode, sharing, tiered, compressed oops, compressed class ptrs, g1 gc, windows-amd64)
GC Precious Log:
 CPUs: 16 total, 16 available
 Memory: 15731M
 Large Page Support: Disabled
 NUMA Support: Disabled
 Compressed Oops: Enabled (Zero based)
 Heap Region Size: 2M
 Heap Min Capacity: 8M
 Heap Initial Capacity: 246M
 Heap Max Capacity: 3934M
 Pre-touch: Disabled
 Parallel Workers: 13
 Concurrent Workers: 3
 Concurrent Refinement Workers: 13
 Periodic GC: Disabled
Heap:
 garbage-first heap   total 323584K, used 100704K [0x000000070a200000, 0x0000000800000000)
  region size 2048K, 4 young (8192K), 2 survivors (4096K)
 Metaspace       used 9699K, committed 9856K, reserved 1064960K
  class space    used 936K, committed 1024K, reserved 1048576K
GC Heap History (20 events):
Event: 3.463 GC heap before
{Heap before GC invocations=4 (full 0):
 garbage-first heap   total 251904K, used 113664K [0x000000070a200000, 0x0000000800000000)
  region size 2048K, 4 young (8192K), 1 survivors (2048K)
 Metaspace       used 7068K, committed 7232K, reserved 1056768K
  class space    used 733K, committed 832K, reserved 1048576K
}
Event: 3.464 GC heap after
{Heap after GC invocations=5 (full 0):
 garbage-first heap   total 251904K, used 103418K [0x000000070a200000, 0x0000000800000000)
  region size 2048K, 1 young (2048K), 1 survivors (2048K)
 Metaspace       used 7068K, committed 7232K, reserved 1056768K
  class space    used 733K, committed 832K, reserved 1048576K
}
Event: 4.010 GC heap before
{Heap before GC invocations=5 (full 0):
 garbage-first heap   total 251904K, used 138234K [0x000000070a200000, 0x0000000800000000)
  region size 2048K, 15 young (30720K), 1 survivors (2048K)
 Metaspace       used 8949K, committed 9088K, reserved 1056768K
  class space    used 897K, committed 960K, reserved 1048576K
}
Event: 4.012 GC heap after
{Heap after GC invocations=6 (full 0):
 garbage-first heap   total 251904K, used 21703K [0x000000070a200000, 0x0000000800000000)
  region size 2048K, 2 young (4096K), 2 survivors (4096K)
 Metaspace       used 8949K, committed 9088K, reserved 1056768K
  class space    used 897K, committed 960K, reserved 1048576K
}
Event: 4.797 GC heap before
{Heap before GC invocations=6 (full 0):
 garbage-first heap   total 251904K, used 117959K [0x000000070a200000, 0x0000000800000000)
  region size 2048K, 6 young (12288K), 2 survivors (4096K)
 Metaspace       used 9426K, committed 9600K, reserved 1064960K
  class space    used 931K, committed 1024K, reserved 1048576K
}
Event: 4.799 GC heap after
{Heap after GC invocations=7 (full 0):
 garbage-first heap   total 251904K, used 106030K [0x000000070a200000, 0x0000000800000000)
  region size 2048K, 2 young (4096K), 2 survivors (4096K)
 Metaspace       used 9426K, committed 9600K, reserved 1064960K
  class space    used 931K, committed 1024K, reserved 1048576K
}
Event: 4.853 GC heap before
{Heap before GC invocations=7 (full 0):
 garbage-first heap   total 251904K, used 112174K [0x000000070a200000, 0x0000000800000000)
  region size 2048K, 3 young (6144K), 2 survivors (4096K)
 Metaspace       used 9430K, committed 9664K, reserved 1064960K
  class space    used 931K, committed 1024K, reserved 1048576K
}
Event: 4.855 GC heap after
{Heap after GC invocations=8 (full 0):
 garbage-first heap   total 251904K, used 26134K [0x000000070a200000, 0x0000000800000000)
  region size 2048K, 2 young (4096K), 2 survivors (4096K)
 Metaspace       used 9430K, committed 9664K, reserved 1064960K
  class space    used 931K, committed 1024K, reserved 1048576K
}
Event: 5.650 GC heap before
{Heap before GC invocations=8 (full 0):
 garbage-first heap   total 251904K, used 118294K [0x000000070a200000, 0x0000000800000000)
  region size 2048K, 6 young (12288K), 2 survivors (4096K)
 Metaspace       used 9530K, committed 9728K, reserved 1064960K
  class space    used 936K, committed 1024K, reserved 1048576K
}
Event: 5.652 GC heap after
{Heap after GC invocations=9 (full 0):
 garbage-first heap   total 251904K, used 106928K [0x000000070a200000, 0x0000000800000000)
  region size 2048K, 2 young (4096K), 2 survivors (4096K)
 Metaspace       used 9530K, committed 9728K, reserved 1064960K
  class space    used 936K, committed 1024K, reserved 1048576K
}
Event: 5.708 GC heap before
{Heap before GC invocations=9 (full 0):
 garbage-first heap   total 251904K, used 115120K [0x000000070a200000, 0x0000000800000000)
  region size 2048K, 4 young (8192K), 2 survivors (4096K)
 Metaspace       used 9532K, committed 9728K, reserved 1064960K
  class space    used 936K, committed 1024K, reserved 1048576K
}
Event: 5.709 GC heap after
{Heap after GC invocations=10 (full 0):
 garbage-first heap   total 251904K, used 26944K [0x000000070a200000, 0x0000000800000000)
  region size 2048K, 2 young (4096K), 2 survivors (4096K)
 Metaspace       used 9532K, committed 9728K, reserved 1064960K
  class space    used 936K, committed 1024K, reserved 1048576K
}
Event: 6.453 GC heap before
{Heap before GC invocations=10 (full 0):
 garbage-first heap   total 251904K, used 117056K [0x000000070a200000, 0x0000000800000000)
  region size 2048K, 5 young (10240K), 2 survivors (4096K)
 Metaspace       used 9622K, committed 9792K, reserved 1064960K
  class space    used 936K, committed 1024K, reserved 1048576K
}
Event: 6.455 GC heap after
{Heap after GC invocations=11 (full 0):
 garbage-first heap   total 323584K, used 106848K [0x000000070a200000, 0x0000000800000000)
  region size 2048K, 2 young (4096K), 2 survivors (4096K)
 Metaspace       used 9622K, committed 9792K, reserved 1064960K
  class space    used 936K, committed 1024K, reserved 1048576K
}
Event: 6.778 GC heap before
{Heap before GC invocations=11 (full 0):
 garbage-first heap   total 323584K, used 147808K [0x000000070a200000, 0x0000000800000000)
  region size 2048K, 5 young (10240K), 2 survivors (4096K)
 Metaspace       used 9647K, committed 9856K, reserved 1064960K
  class space    used 936K, committed 1024K, reserved 1048576K
}
Event: 6.780 GC heap after
{Heap after GC invocations=12 (full 0):
 garbage-first heap   total 323584K, used 57652K [0x000000070a200000, 0x0000000800000000)
  region size 2048K, 2 young (4096K), 2 survivors (4096K)
 Metaspace       used 9647K, committed 9856K, reserved 1064960K
  class space    used 936K, committed 1024K, reserved 1048576K
}
Event: 7.512 GC heap before
{Heap before GC invocations=12 (full 0):
 garbage-first heap   total 323584K, used 145716K [0x000000070a200000, 0x0000000800000000)
  region size 2048K, 4 young (8192K), 2 survivors (4096K)
 Metaspace       used 9674K, committed 9856K, reserved 1064960K
  class space    used 936K, committed 1024K, reserved 1048576K
}
Event: 7.514 GC heap after
{Heap after GC invocations=13 (full 0):
 garbage-first heap   total 323584K, used 106857K [0x000000070a200000, 0x0000000800000000)
  region size 2048K, 2 young (4096K), 2 survivors (4096K)
 Metaspace       used 9674K, committed 9856K, reserved 1064960K
  class space    used 936K, committed 1024K, reserved 1048576K
}
Event: 7.828 GC heap before
{Heap before GC invocations=13 (full 0):
 garbage-first heap   total 323584K, used 145769K [0x000000070a200000, 0x0000000800000000)
  region size 2048K, 4 young (8192K), 2 survivors (4096K)
 Metaspace       used 9685K, committed 9856K, reserved 1064960K
  class space    used 936K, committed 1024K, reserved 1048576K
}
Event: 7.830 GC heap after
{Heap after GC invocations=14 (full 0):
 garbage-first heap   total 323584K, used 57696K [0x000000070a200000, 0x0000000800000000)
  region size 2048K, 2 young (4096K), 2 survivors (4096K)
 Metaspace       used 9685K, committed 9856K, reserved 1064960K
  class space    used 936K, committed 1024K, reserved 1048576K
}

