# JRE version: Java(TM) SE Runtime Environment (16.0.1+9) (build 16.0.1+9-24)
# Java VM: Java HotSpot(TM) 64-Bit Server VM (16.0.1+9-24, mixed mode, sharing, tiered, compressed oops, compressed class ptrs, g1 gc, windows-amd64)
GC Precious Log:
 CPUs: 16 total, 16 available
 Memory: 15731M
 Large Page Support: Disabled
 NUMA Support: Disabled
 Compressed Oops: Enabled (Zero based)
 Heap Region Size: 2M
 Heap Min Capacity: 8M
 Heap Initial Capacity: 246M
 Heap Max Capacity: 3934M
 Pre-touch: Disabled
 Parallel Workers: 13
 Concurrent Workers: 3
 Concurrent Refinement Workers: 13
 Periodic GC: Disabled
Heap:
 garbage-first heap   total 251904K, used 84152K [0x000000070a200000, 0x0000000800000000)
  region size 2048K, 3 young (6144K), 1 survivors (2048K)
 Metaspace       used 9671K, committed 9856K, reserved 1064960K
  class space    used 935K, committed 1024K, reserved 1048576K
GC Heap History (20 events):
Event: 4.328 GC heap before
{Heap before GC invocations=5 (full 0):
 garbage-first heap   total 251904K, used 112089K [0x000000070a200000, 0x0000000800000000)
  region size 2048K, 2 young (4096K), 1 survivors (2048K)
 Metaspace       used 9402K, committed 9600K, reserved 1064960K
  class space    used 930K, committed 1024K, reserved 1048576K
}
Event: 4.329 GC heap after
{Heap after GC invocations=6 (full 0):
 garbage-first heap   total 251904K, used 62929K [0x000000070a200000, 0x0000000800000000)
  region size 2048K, 1 young (2048K), 1 survivors (2048K)
 Metaspace       used 9402K, committed 9600K, reserved 1064960K
  class space    used 930K, committed 1024K, reserved 1048576K
}
Event: 4.738 GC heap before
{Heap before GC invocations=6 (full 0):
 garbage-first heap   total 251904K, used 114129K [0x000000070a200000, 0x0000000800000000)
  region size 2048K, 3 young (6144K), 1 survivors (2048K)
 Metaspace       used 9411K, committed 9600K, reserved 1064960K
  class space    used 930K, committed 1024K, reserved 1048576K
}
Event: 4.739 GC heap after
{Heap after GC invocations=7 (full 0):
 garbage-first heap   total 251904K, used 69108K [0x000000070a200000, 0x0000000800000000)
  region size 2048K, 1 young (2048K), 1 survivors (2048K)
 Metaspace       used 9411K, committed 9600K, reserved 1064960K
  class space    used 930K, committed 1024K, reserved 1048576K
}
Event: 5.111 GC heap before
{Heap before GC invocations=7 (full 0):
 garbage-first heap   total 251904K, used 114164K [0x000000070a200000, 0x0000000800000000)
  region size 2048K, 3 young (6144K), 1 survivors (2048K)
 Metaspace       used 9430K, committed 9664K, reserved 1064960K
  class space    used 931K, committed 1024K, reserved 1048576K
}
Event: 5.113 GC heap after
{Heap after GC invocations=8 (full 0):
 garbage-first heap   total 251904K, used 62987K [0x000000070a200000, 0x0000000800000000)
  region size 2048K, 1 young (2048K), 1 survivors (2048K)
 Metaspace       used 9430K, committed 9664K, reserved 1064960K
  class space    used 931K, committed 1024K, reserved 1048576K
}
Event: 5.539 GC heap before
{Heap before GC invocations=8 (full 0):
 garbage-first heap   total 251904K, used 114187K [0x000000070a200000, 0x0000000800000000)
  region size 2048K, 3 young (6144K), 1 survivors (2048K)
 Metaspace       used 9478K, committed 9728K, reserved 1064960K
  class space    used 931K, committed 1024K, reserved 1048576K
}
Event: 5.541 GC heap after
{Heap after GC invocations=9 (full 0):
 garbage-first heap   total 251904K, used 69115K [0x000000070a200000, 0x0000000800000000)
  region size 2048K, 1 young (2048K), 1 survivors (2048K)
 Metaspace       used 9478K, committed 9728K, reserved 1064960K
  class space    used 931K, committed 1024K, reserved 1048576K
}
Event: 5.913 GC heap before
{Heap before GC invocations=9 (full 0):
 garbage-first heap   total 251904K, used 114171K [0x000000070a200000, 0x0000000800000000)
  region size 2048K, 3 young (6144K), 1 survivors (2048K)
 Metaspace       used 9504K, committed 9728K, reserved 1064960K
  class space    used 931K, committed 1024K, reserved 1048576K
}
Event: 5.914 GC heap after
{Heap after GC invocations=10 (full 0):
 garbage-first heap   total 251904K, used 62976K [0x000000070a200000, 0x0000000800000000)
  region size 2048K, 1 young (2048K), 1 survivors (2048K)
 Metaspace       used 9504K, committed 9728K, reserved 1064960K
  class space    used 931K, committed 1024K, reserved 1048576K
}
Event: 6.334 GC heap before
{Heap before GC invocations=10 (full 0):
 garbage-first heap   total 251904K, used 114176K [0x000000070a200000, 0x0000000800000000)
  region size 2048K, 3 young (6144K), 1 survivors (2048K)
 Metaspace       used 9549K, committed 9792K, reserved 1064960K
  class space    used 931K, committed 1024K, reserved 1048576K
}
Event: 6.335 GC heap after
{Heap after GC invocations=11 (full 0):
 garbage-first heap   total 251904K, used 69090K [0x000000070a200000, 0x0000000800000000)
  region size 2048K, 1 young (2048K), 1 survivors (2048K)
 Metaspace       used 9549K, committed 9792K, reserved 1064960K
  class space    used 931K, committed 1024K, reserved 1048576K
}
Event: 6.702 GC heap before
{Heap before GC invocations=11 (full 0):
 garbage-first heap   total 251904K, used 114146K [0x000000070a200000, 0x0000000800000000)
  region size 2048K, 3 young (6144K), 1 survivors (2048K)
 Metaspace       used 9582K, committed 9792K, reserved 1064960K
  class space    used 931K, committed 1024K, reserved 1048576K
}
Event: 6.703 GC heap after
{Heap after GC invocations=12 (full 0):
 garbage-first heap   total 251904K, used 62984K [0x000000070a200000, 0x0000000800000000)
  region size 2048K, 1 young (2048K), 1 survivors (2048K)
 Metaspace       used 9582K, committed 9792K, reserved 1064960K
  class space    used 931K, committed 1024K, reserved 1048576K
}
Event: 7.162 GC heap before
{Heap before GC invocations=12 (full 0):
 garbage-first heap   total 251904K, used 114184K [0x000000070a200000, 0x0000000800000000)
  region size 2048K, 3 young (6144K), 1 survivors (2048K)
 Metaspace       used 9636K, committed 9856K, reserved 1064960K
  class space    used 935K, committed 1024K, reserved 1048576K
}
Event: 7.163 GC heap after
{Heap after GC invocations=13 (full 0):
 garbage-first heap   total 251904K, used 69844K [0x000000070a200000, 0x0000000800000000)
  region size 2048K, 1 young (2048K), 1 survivors (2048K)
 Metaspace       used 9636K, committed 9856K, reserved 1064960K
  class space    used 935K, committed 1024K, reserved 1048576K
}
Event: 7.537 GC heap before
{Heap before GC invocations=13 (full 0):
 garbage-first heap   total 251904K, used 114900K [0x000000070a200000, 0x0000000800000000)
  region size 2048K, 3 young (6144K), 1 survivors (2048K)
 Metaspace       used 9655K, committed 9856K, reserved 1064960K
  class space    used 935K, committed 1024K, reserved 1048576K
}
Event: 7.539 GC heap after
{Heap after GC invocations=14 (full 0):
 garbage-first heap   total 251904K, used 63689K [0x000000070a200000, 0x0000000800000000)
  region size 2048K, 1 young (2048K), 1 survivors (2048K)
 Metaspace       used 9655K, committed 9856K, reserved 1064960K
  class space    used 935K, committed 1024K, reserved 1048576K
}
Event: 7.980 GC heap before
{Heap before GC invocations=14 (full 0):
 garbage-first heap   total 251904K, used 114889K [0x000000070a200000, 0x0000000800000000)
  region size 2048K, 3 young (6144K), 1 survivors (2048K)
 Metaspace       used 9671K, committed 9856K, reserved 1064960K
  class space    used 935K, committed 1024K, reserved 1048576K
}
Event: 7.982 GC heap after
{Heap after GC invocations=15 (full 0):
 garbage-first heap   total 251904K, used 69816K [0x000000070a200000, 0x0000000800000000)
  region size 2048K, 1 young (2048K), 1 survivors (2048K)
 Metaspace       used 9671K, committed 9856K, reserved 1064960K
  class space    used 935K, committed 1024K, reserved 1048576K
}

