# JRE version: Java(TM) SE Runtime Environment (16.0.1+9) (build 16.0.1+9-24)
# Java VM: Java HotSpot(TM) 64-Bit Server VM (16.0.1+9-24, mixed mode, sharing, tiered, compressed oops, compressed class ptrs, g1 gc, windows-amd64)
GC Precious Log:
 CPUs: 16 total, 16 available
 Memory: 15731M
 Large Page Support: Disabled
 NUMA Support: Disabled
 Compressed Oops: Enabled (Zero based)
 Heap Region Size: 2M
 Heap Min Capacity: 8M
 Heap Initial Capacity: 246M
 Heap Max Capacity: 3934M
 Pre-touch: Disabled
 Parallel Workers: 13
 Concurrent Workers: 3
 Concurrent Refinement Workers: 13
 Periodic GC: Disabled
Heap:
 garbage-first heap   total 303104K, used 127265K [0x000000070a200000, 0x0000000800000000)
  region size 2048K, 3 young (6144K), 1 survivors (2048K)
 Metaspace       used 9964K, committed 10176K, reserved 1064960K
  class space    used 945K, committed 1024K, reserved 1048576K
GC Heap History (20 events):
Event: 14.633 GC heap before
{Heap before GC invocations=27 (full 0):
 garbage-first heap   total 303104K, used 138804K [0x000000070a200000, 0x0000000800000000)
  region size 2048K, 3 young (6144K), 1 survivors (2048K)
 Metaspace       used 9882K, committed 10048K, reserved 1064960K
  class space    used 945K, committed 1024K, reserved 1048576K
}
Event: 14.634 GC heap after
{Heap after GC invocations=28 (full 0):
 garbage-first heap   total 303104K, used 51443K [0x000000070a200000, 0x0000000800000000)
  region size 2048K, 1 young (2048K), 1 survivors (2048K)
 Metaspace       used 9882K, committed 10048K, reserved 1064960K
  class space    used 945K, committed 1024K, reserved 1048576K
}
Event: 15.362 GC heap before
{Heap before GC invocations=28 (full 0):
 garbage-first heap   total 303104K, used 141555K [0x000000070a200000, 0x0000000800000000)
  region size 2048K, 4 young (8192K), 1 survivors (2048K)
 Metaspace       used 9926K, committed 10112K, reserved 1064960K
  class space    used 945K, committed 1024K, reserved 1048576K
}
Event: 15.363 GC heap after
{Heap after GC invocations=29 (full 0):
 garbage-first heap   total 303104K, used 106743K [0x000000070a200000, 0x0000000800000000)
  region size 2048K, 1 young (2048K), 1 survivors (2048K)
 Metaspace       used 9926K, committed 10112K, reserved 1064960K
  class space    used 945K, committed 1024K, reserved 1048576K
}
Event: 15.625 GC heap before
{Heap before GC invocations=29 (full 0):
 garbage-first heap   total 303104K, used 139511K [0x000000070a200000, 0x0000000800000000)
  region size 2048K, 3 young (6144K), 1 survivors (2048K)
 Metaspace       used 9933K, committed 10112K, reserved 1064960K
  class space    used 945K, committed 1024K, reserved 1048576K
}
Event: 15.625 GC heap after
{Heap after GC invocations=30 (full 0):
 garbage-first heap   total 303104K, used 51444K [0x000000070a200000, 0x0000000800000000)
  region size 2048K, 1 young (2048K), 1 survivors (2048K)
 Metaspace       used 9933K, committed 10112K, reserved 1064960K
  class space    used 945K, committed 1024K, reserved 1048576K
}
Event: 16.335 GC heap before
{Heap before GC invocations=30 (full 0):
 garbage-first heap   total 303104K, used 139508K [0x000000070a200000, 0x0000000800000000)
  region size 2048K, 3 young (6144K), 1 survivors (2048K)
 Metaspace       used 9941K, committed 10112K, reserved 1064960K
  class space    used 945K, committed 1024K, reserved 1048576K
}
Event: 16.335 GC heap after
{Heap after GC invocations=31 (full 0):
 garbage-first heap   total 303104K, used 106743K [0x000000070a200000, 0x0000000800000000)
  region size 2048K, 1 young (2048K), 1 survivors (2048K)
 Metaspace       used 9941K, committed 10112K, reserved 1064960K
  class space    used 945K, committed 1024K, reserved 1048576K
}
Event: 16.588 GC heap before
{Heap before GC invocations=31 (full 0):
 garbage-first heap   total 303104K, used 139511K [0x000000070a200000, 0x0000000800000000)
  region size 2048K, 3 young (6144K), 1 survivors (2048K)
 Metaspace       used 9944K, committed 10112K, reserved 1064960K
  class space    used 945K, committed 1024K, reserved 1048576K
}
Event: 16.589 GC heap after
{Heap after GC invocations=32 (full 0):
 garbage-first heap   total 303104K, used 51457K [0x000000070a200000, 0x0000000800000000)
  region size 2048K, 1 young (2048K), 1 survivors (2048K)
 Metaspace       used 9944K, committed 10112K, reserved 1064960K
  class space    used 945K, committed 1024K, reserved 1048576K
}
Event: 17.297 GC heap before
{Heap before GC invocations=32 (full 0):
 garbage-first heap   total 303104K, used 139521K [0x000000070a200000, 0x0000000800000000)
  region size 2048K, 3 young (6144K), 1 survivors (2048K)
 Metaspace       used 9946K, committed 10112K, reserved 1064960K
  class space    used 945K, committed 1024K, reserved 1048576K
}
Event: 17.298 GC heap after
{Heap after GC invocations=33 (full 0):
 garbage-first heap   total 303104K, used 106762K [0x000000070a200000, 0x0000000800000000)
  region size 2048K, 1 young (2048K), 1 survivors (2048K)
 Metaspace       used 9946K, committed 10112K, reserved 1064960K
  class space    used 945K, committed 1024K, reserved 1048576K
}
Event: 17.551 GC heap before
{Heap before GC invocations=33 (full 0):
 garbage-first heap   total 303104K, used 139530K [0x000000070a200000, 0x0000000800000000)
  region size 2048K, 3 young (6144K), 1 survivors (2048K)
 Metaspace       used 9946K, committed 10112K, reserved 1064960K
  class space    used 945K, committed 1024K, reserved 1048576K
}
Event: 17.552 GC heap after
{Heap after GC invocations=34 (full 0):
 garbage-first heap   total 303104K, used 51472K [0x000000070a200000, 0x0000000800000000)
  region size 2048K, 1 young (2048K), 1 survivors (2048K)
 Metaspace       used 9946K, committed 10112K, reserved 1064960K
  class space    used 945K, committed 1024K, reserved 1048576K
}
Event: 18.276 GC heap before
{Heap before GC invocations=34 (full 0):
 garbage-first heap   total 303104K, used 139536K [0x000000070a200000, 0x0000000800000000)
  region size 2048K, 3 young (6144K), 1 survivors (2048K)
 Metaspace       used 9955K, committed 10112K, reserved 1064960K
  class space    used 945K, committed 1024K, reserved 1048576K
}
Event: 18.277 GC heap after
{Heap after GC invocations=35 (full 0):
 garbage-first heap   total 303104K, used 106779K [0x000000070a200000, 0x0000000800000000)
  region size 2048K, 1 young (2048K), 1 survivors (2048K)
 Metaspace       used 9955K, committed 10112K, reserved 1064960K
  class space    used 945K, committed 1024K, reserved 1048576K
}
Event: 18.529 GC heap before
{Heap before GC invocations=35 (full 0):
 garbage-first heap   total 303104K, used 139547K [0x000000070a200000, 0x0000000800000000)
  region size 2048K, 3 young (6144K), 1 survivors (2048K)
 Metaspace       used 9955K, committed 10112K, reserved 1064960K
  class space    used 945K, committed 1024K, reserved 1048576K
}
Event: 18.530 GC heap after
{Heap after GC invocations=36 (full 0):
 garbage-first heap   total 303104K, used 51483K [0x000000070a200000, 0x0000000800000000)
  region size 2048K, 1 young (2048K), 1 survivors (2048K)
 Metaspace       used 9955K, committed 10112K, reserved 1064960K
  class space    used 945K, committed 1024K, reserved 1048576K
}
Event: 19.243 GC heap before
{Heap before GC invocations=36 (full 0):
 garbage-first heap   total 303104K, used 139547K [0x000000070a200000, 0x0000000800000000)
  region size 2048K, 3 young (6144K), 1 survivors (2048K)
 Metaspace       used 9964K, committed 10176K, reserved 1064960K
  class space    used 945K, committed 1024K, reserved 1048576K
}
Event: 19.244 GC heap after
{Heap after GC invocations=37 (full 0):
 garbage-first heap   total 303104K, used 106785K [0x000000070a200000, 0x0000000800000000)
  region size 2048K, 1 young (2048K), 1 survivors (2048K)
 Metaspace       used 9964K, committed 10176K, reserved 1064960K
  class space    used 945K, committed 1024K, reserved 1048576K
}

