# JRE version: Java(TM) SE Runtime Environment (16.0.1+9) (build 16.0.1+9-24)
# Java VM: Java HotSpot(TM) 64-Bit Server VM (16.0.1+9-24, mixed mode, sharing, tiered, compressed oops, compressed class ptrs, g1 gc, windows-amd64)
GC Precious Log:
 CPUs: 16 total, 16 available
 Memory: 15731M
 Large Page Support: Disabled
 NUMA Support: Disabled
 Compressed Oops: Enabled (Zero based)
 Heap Region Size: 2M
 Heap Min Capacity: 8M
 Heap Initial Capacity: 246M
 Heap Max Capacity: 3934M
 Pre-touch: Disabled
 Parallel Workers: 13
 Concurrent Workers: 3
 Concurrent Refinement Workers: 13
 Periodic GC: Disabled
Heap:
 garbage-first heap   total 303104K, used 100729K [0x000000070a200000, 0x0000000800000000)
  region size 2048K, 4 young (8192K), 2 survivors (4096K)
 Metaspace       used 9838K, committed 9984K, reserved 1064960K
  class space    used 945K, committed 1024K, reserved 1048576K
GC Heap History (20 events):
Event: 8.943 GC heap before
{Heap before GC invocations=17 (full 0):
 garbage-first heap   total 303104K, used 136185K [0x000000070a200000, 0x0000000800000000)
  region size 2048K, 3 young (6144K), 1 survivors (2048K)
 Metaspace       used 7215K, committed 7360K, reserved 1056768K
  class space    used 730K, committed 832K, reserved 1048576K
}
Event: 8.944 GC heap after
{Heap after GC invocations=18 (full 0):
 garbage-first heap   total 303104K, used 41984K [0x000000070a200000, 0x0000000800000000)
  region size 2048K, 1 young (2048K), 1 survivors (2048K)
 Metaspace       used 7215K, committed 7360K, reserved 1056768K
  class space    used 730K, committed 832K, reserved 1048576K
}
Event: 9.756 GC heap before
{Heap before GC invocations=18 (full 0):
 garbage-first heap   total 303104K, used 136192K [0x000000070a200000, 0x0000000800000000)
  region size 2048K, 3 young (6144K), 1 survivors (2048K)
 Metaspace       used 7263K, committed 7424K, reserved 1056768K
  class space    used 743K, committed 832K, reserved 1048576K
}
Event: 9.757 GC heap after
{Heap after GC invocations=19 (full 0):
 garbage-first heap   total 303104K, used 103434K [0x000000070a200000, 0x0000000800000000)
  region size 2048K, 1 young (2048K), 1 survivors (2048K)
 Metaspace       used 7263K, committed 7424K, reserved 1056768K
  class space    used 743K, committed 832K, reserved 1048576K
}
Event: 10.546 GC heap before
{Heap before GC invocations=19 (full 0):
 garbage-first heap   total 303104K, used 162826K [0x000000070a200000, 0x0000000800000000)
  region size 2048K, 16 young (32768K), 1 survivors (2048K)
 Metaspace       used 9548K, committed 9728K, reserved 1064960K
  class space    used 940K, committed 1024K, reserved 1048576K
}
Event: 10.548 GC heap after
{Heap after GC invocations=20 (full 0):
 garbage-first heap   total 303104K, used 44557K [0x000000070a200000, 0x0000000800000000)
  region size 2048K, 2 young (4096K), 2 survivors (4096K)
 Metaspace       used 9548K, committed 9728K, reserved 1064960K
  class space    used 940K, committed 1024K, reserved 1048576K
}
Event: 11.332 GC heap before
{Heap before GC invocations=20 (full 0):
 garbage-first heap   total 303104K, used 140813K [0x000000070a200000, 0x0000000800000000)
  region size 2048K, 5 young (10240K), 2 survivors (4096K)
 Metaspace       used 9611K, committed 9792K, reserved 1064960K
  class space    used 940K, committed 1024K, reserved 1048576K
}
Event: 11.333 GC heap after
{Heap after GC invocations=21 (full 0):
 garbage-first heap   total 303104K, used 112251K [0x000000070a200000, 0x0000000800000000)
  region size 2048K, 2 young (4096K), 2 survivors (4096K)
 Metaspace       used 9611K, committed 9792K, reserved 1064960K
  class space    used 940K, committed 1024K, reserved 1048576K
}
Event: 11.582 GC heap before
{Heap before GC invocations=21 (full 0):
 garbage-first heap   total 303104K, used 140923K [0x000000070a200000, 0x0000000800000000)
  region size 2048K, 5 young (10240K), 2 survivors (4096K)
 Metaspace       used 9687K, committed 9856K, reserved 1064960K
  class space    used 945K, committed 1024K, reserved 1048576K
}
Event: 11.584 GC heap after
{Heap after GC invocations=22 (full 0):
 garbage-first heap   total 303104K, used 45430K [0x000000070a200000, 0x0000000800000000)
  region size 2048K, 2 young (4096K), 2 survivors (4096K)
 Metaspace       used 9687K, committed 9856K, reserved 1064960K
  class space    used 945K, committed 1024K, reserved 1048576K
}
Event: 12.391 GC heap before
{Heap before GC invocations=22 (full 0):
 garbage-first heap   total 303104K, used 141686K [0x000000070a200000, 0x0000000800000000)
  region size 2048K, 5 young (10240K), 2 survivors (4096K)
 Metaspace       used 9730K, committed 9920K, reserved 1064960K
  class space    used 945K, committed 1024K, reserved 1048576K
}
Event: 12.392 GC heap after
{Heap after GC invocations=23 (full 0):
 garbage-first heap   total 303104K, used 113044K [0x000000070a200000, 0x0000000800000000)
  region size 2048K, 2 young (4096K), 2 survivors (4096K)
 Metaspace       used 9730K, committed 9920K, reserved 1064960K
  class space    used 945K, committed 1024K, reserved 1048576K
}
Event: 12.599 GC heap before
{Heap before GC invocations=23 (full 0):
 garbage-first heap   total 303104K, used 139668K [0x000000070a200000, 0x0000000800000000)
  region size 2048K, 4 young (8192K), 2 survivors (4096K)
 Metaspace       used 9736K, committed 9920K, reserved 1064960K
  class space    used 945K, committed 1024K, reserved 1048576K
}
Event: 12.601 GC heap after
{Heap after GC invocations=24 (full 0):
 garbage-first heap   total 303104K, used 45610K [0x000000070a200000, 0x0000000800000000)
  region size 2048K, 2 young (4096K), 2 survivors (4096K)
 Metaspace       used 9736K, committed 9920K, reserved 1064960K
  class space    used 945K, committed 1024K, reserved 1048576K
}
Event: 14.026 GC heap before
{Heap before GC invocations=24 (full 0):
 garbage-first heap   total 303104K, used 174634K [0x000000070a200000, 0x0000000800000000)
  region size 2048K, 21 young (43008K), 2 survivors (4096K)
 Metaspace       used 9802K, committed 9984K, reserved 1064960K
  class space    used 945K, committed 1024K, reserved 1048576K
}
Event: 14.028 GC heap after
{Heap after GC invocations=25 (full 0):
 garbage-first heap   total 303104K, used 88426K [0x000000070a200000, 0x0000000800000000)
  region size 2048K, 2 young (4096K), 2 survivors (4096K)
 Metaspace       used 9802K, committed 9984K, reserved 1064960K
  class space    used 945K, committed 1024K, reserved 1048576K
}
Event: 14.542 GC heap before
{Heap before GC invocations=25 (full 0):
 garbage-first heap   total 303104K, used 143722K [0x000000070a200000, 0x0000000800000000)
  region size 2048K, 7 young (14336K), 2 survivors (4096K)
 Metaspace       used 9811K, committed 9984K, reserved 1064960K
  class space    used 945K, committed 1024K, reserved 1048576K
}
Event: 14.543 GC heap after
{Heap after GC invocations=26 (full 0):
 garbage-first heap   total 303104K, used 63855K [0x000000070a200000, 0x0000000800000000)
  region size 2048K, 2 young (4096K), 2 survivors (4096K)
 Metaspace       used 9811K, committed 9984K, reserved 1064960K
  class space    used 945K, committed 1024K, reserved 1048576K
}
Event: 15.248 GC heap before
{Heap before GC invocations=26 (full 0):
 garbage-first heap   total 303104K, used 141679K [0x000000070a200000, 0x0000000800000000)
  region size 2048K, 6 young (12288K), 2 survivors (4096K)
 Metaspace       used 9837K, committed 9984K, reserved 1064960K
  class space    used 945K, committed 1024K, reserved 1048576K
}
Event: 15.249 GC heap after
{Heap after GC invocations=27 (full 0):
 garbage-first heap   total 303104K, used 88441K [0x000000070a200000, 0x0000000800000000)
  region size 2048K, 2 young (4096K), 2 survivors (4096K)
 Metaspace       used 9837K, committed 9984K, reserved 1064960K
  class space    used 945K, committed 1024K, reserved 1048576K
}

