# JRE version: Java(TM) SE Runtime Environment (16.0.1+9) (build 16.0.1+9-24)
# Java VM: Java HotSpot(TM) 64-Bit Server VM (16.0.1+9-24, mixed mode, sharing, tiered, compressed oops, compressed class ptrs, g1 gc, windows-amd64)
GC Precious Log:
 CPUs: 16 total, 16 available
 Memory: 15731M
 Large Page Support: Disabled
 NUMA Support: Disabled
 Compressed Oops: Enabled (Zero based)
 Heap Region Size: 2M
 Heap Min Capacity: 8M
 Heap Initial Capacity: 246M
 Heap Max Capacity: 3934M
 Pre-touch: Disabled
 Parallel Workers: 13
 Concurrent Workers: 3
 Concurrent Refinement Workers: 13
 Periodic GC: Disabled
Heap:
 garbage-first heap   total 303104K, used 119538K [0x000000070a200000, 0x0000000800000000)
  region size 2048K, 3 young (6144K), 1 survivors (2048K)
 Metaspace       used 9802K, committed 9984K, reserved 1064960K
  class space    used 935K, committed 1024K, reserved 1048576K
GC Heap History (20 events):
Event: 7.791 GC heap before
{Heap before GC invocations=13 (full 0):
 garbage-first heap   total 303104K, used 137405K [0x000000070a200000, 0x0000000800000000)
  region size 2048K, 2 young (4096K), 1 survivors (2048K)
 Metaspace       used 9705K, committed 9920K, reserved 1064960K
  class space    used 935K, committed 1024K, reserved 1048576K
}
Event: 7.793 GC heap after
{Heap after GC invocations=14 (full 0):
 garbage-first heap   total 303104K, used 51417K [0x000000070a200000, 0x0000000800000000)
  region size 2048K, 1 young (2048K), 1 survivors (2048K)
 Metaspace       used 9705K, committed 9920K, reserved 1064960K
  class space    used 935K, committed 1024K, reserved 1048576K
}
Event: 8.510 GC heap before
{Heap before GC invocations=14 (full 0):
 garbage-first heap   total 303104K, used 139481K [0x000000070a200000, 0x0000000800000000)
  region size 2048K, 3 young (6144K), 1 survivors (2048K)
 Metaspace       used 9733K, committed 9920K, reserved 1064960K
  class space    used 935K, committed 1024K, reserved 1048576K
}
Event: 8.512 GC heap after
{Heap after GC invocations=15 (full 0):
 garbage-first heap   total 303104K, used 106704K [0x000000070a200000, 0x0000000800000000)
  region size 2048K, 1 young (2048K), 1 survivors (2048K)
 Metaspace       used 9733K, committed 9920K, reserved 1064960K
  class space    used 935K, committed 1024K, reserved 1048576K
}
Event: 8.779 GC heap before
{Heap before GC invocations=15 (full 0):
 garbage-first heap   total 303104K, used 139472K [0x000000070a200000, 0x0000000800000000)
  region size 2048K, 3 young (6144K), 1 survivors (2048K)
 Metaspace       used 9733K, committed 9920K, reserved 1064960K
  class space    used 935K, committed 1024K, reserved 1048576K
}
Event: 8.780 GC heap after
{Heap after GC invocations=16 (full 0):
 garbage-first heap   total 303104K, used 51400K [0x000000070a200000, 0x0000000800000000)
  region size 2048K, 1 young (2048K), 1 survivors (2048K)
 Metaspace       used 9733K, committed 9920K, reserved 1064960K
  class space    used 935K, committed 1024K, reserved 1048576K
}
Event: 9.507 GC heap before
{Heap before GC invocations=16 (full 0):
 garbage-first heap   total 303104K, used 141512K [0x000000070a200000, 0x0000000800000000)
  region size 2048K, 4 young (8192K), 1 survivors (2048K)
 Metaspace       used 9756K, committed 9920K, reserved 1064960K
  class space    used 935K, committed 1024K, reserved 1048576K
}
Event: 9.509 GC heap after
{Heap after GC invocations=17 (full 0):
 garbage-first heap   total 303104K, used 106730K [0x000000070a200000, 0x0000000800000000)
  region size 2048K, 1 young (2048K), 1 survivors (2048K)
 Metaspace       used 9756K, committed 9920K, reserved 1064960K
  class space    used 935K, committed 1024K, reserved 1048576K
}
Event: 9.767 GC heap before
{Heap before GC invocations=17 (full 0):
 garbage-first heap   total 303104K, used 139498K [0x000000070a200000, 0x0000000800000000)
  region size 2048K, 3 young (6144K), 1 survivors (2048K)
 Metaspace       used 9760K, committed 9984K, reserved 1064960K
  class space    used 935K, committed 1024K, reserved 1048576K
}
Event: 9.768 GC heap after
{Heap after GC invocations=18 (full 0):
 garbage-first heap   total 303104K, used 51404K [0x000000070a200000, 0x0000000800000000)
  region size 2048K, 1 young (2048K), 1 survivors (2048K)
 Metaspace       used 9760K, committed 9984K, reserved 1064960K
  class space    used 935K, committed 1024K, reserved 1048576K
}
Event: 10.498 GC heap before
{Heap before GC invocations=18 (full 0):
 garbage-first heap   total 303104K, used 141516K [0x000000070a200000, 0x0000000800000000)
  region size 2048K, 4 young (8192K), 1 survivors (2048K)
 Metaspace       used 9787K, committed 9984K, reserved 1064960K
  class space    used 935K, committed 1024K, reserved 1048576K
}
Event: 10.500 GC heap after
{Heap after GC invocations=19 (full 0):
 garbage-first heap   total 303104K, used 106693K [0x000000070a200000, 0x0000000800000000)
  region size 2048K, 1 young (2048K), 1 survivors (2048K)
 Metaspace       used 9787K, committed 9984K, reserved 1064960K
  class space    used 935K, committed 1024K, reserved 1048576K
}
Event: 10.753 GC heap before
{Heap before GC invocations=19 (full 0):
 garbage-first heap   total 303104K, used 139461K [0x000000070a200000, 0x0000000800000000)
  region size 2048K, 3 young (6144K), 1 survivors (2048K)
 Metaspace       used 9787K, committed 9984K, reserved 1064960K
  class space    used 935K, committed 1024K, reserved 1048576K
}
Event: 10.755 GC heap after
{Heap after GC invocations=20 (full 0):
 garbage-first heap   total 303104K, used 51931K [0x000000070a200000, 0x0000000800000000)
  region size 2048K, 1 young (2048K), 1 survivors (2048K)
 Metaspace       used 9787K, committed 9984K, reserved 1064960K
  class space    used 935K, committed 1024K, reserved 1048576K
}
Event: 11.495 GC heap before
{Heap before GC invocations=20 (full 0):
 garbage-first heap   total 303104K, used 160475K [0x000000070a200000, 0x0000000800000000)
  region size 2048K, 15 young (30720K), 1 survivors (2048K)
 Metaspace       used 9788K, committed 9984K, reserved 1064960K
  class space    used 935K, committed 1024K, reserved 1048576K
}
Event: 11.497 GC heap after
{Heap after GC invocations=21 (full 0):
 garbage-first heap   total 303104K, used 99050K [0x000000070a200000, 0x0000000800000000)
  region size 2048K, 1 young (2048K), 1 survivors (2048K)
 Metaspace       used 9788K, committed 9984K, reserved 1064960K
  class space    used 935K, committed 1024K, reserved 1048576K
}
Event: 11.901 GC heap before
{Heap before GC invocations=21 (full 0):
 garbage-first heap   total 303104K, used 160490K [0x000000070a200000, 0x0000000800000000)
  region size 2048K, 14 young (28672K), 1 survivors (2048K)
 Metaspace       used 9788K, committed 9984K, reserved 1064960K
  class space    used 935K, committed 1024K, reserved 1048576K
}
Event: 11.902 GC heap after
{Heap after GC invocations=22 (full 0):
 garbage-first heap   total 303104K, used 62188K [0x000000070a200000, 0x0000000800000000)
  region size 2048K, 1 young (2048K), 1 survivors (2048K)
 Metaspace       used 9788K, committed 9984K, reserved 1064960K
  class space    used 935K, committed 1024K, reserved 1048576K
}
Event: 12.625 GC heap before
{Heap before GC invocations=22 (full 0):
 garbage-first heap   total 303104K, used 162540K [0x000000070a200000, 0x0000000800000000)
  region size 2048K, 15 young (30720K), 1 survivors (2048K)
 Metaspace       used 9792K, committed 9984K, reserved 1064960K
  class space    used 935K, committed 1024K, reserved 1048576K
}
Event: 12.626 GC heap after
{Heap after GC invocations=23 (full 0):
 garbage-first heap   total 303104K, used 99058K [0x000000070a200000, 0x0000000800000000)
  region size 2048K, 1 young (2048K), 1 survivors (2048K)
 Metaspace       used 9792K, committed 9984K, reserved 1064960K
  class space    used 935K, committed 1024K, reserved 1048576K
}

