# JRE version: Java(TM) SE Runtime Environment (16.0.1+9) (build 16.0.1+9-24)
# Java VM: Java HotSpot(TM) 64-Bit Server VM (16.0.1+9-24, mixed mode, sharing, tiered, compressed oops, compressed class ptrs, g1 gc, windows-amd64)
GC Precious Log:
 CPUs: 16 total, 16 available
 Memory: 15731M
 Large Page Support: Disabled
 NUMA Support: Disabled
 Compressed Oops: Enabled (Zero based)
 Heap Region Size: 2M
 Heap Min Capacity: 8M
 Heap Initial Capacity: 246M
 Heap Max Capacity: 3934M
 Pre-touch: Disabled
 Parallel Workers: 13
 Concurrent Workers: 3
 Concurrent Refinement Workers: 13
 Periodic GC: Disabled
Heap:
 garbage-first heap   total 303104K, used 78137K [0x000000070a200000, 0x0000000800000000)
  region size 2048K, 5 young (10240K), 2 survivors (4096K)
 Metaspace       used 9690K, committed 9856K, reserved 1064960K
  class space    used 945K, committed 1024K, reserved 1048576K
GC Heap History (20 events):
Event: 3.196 GC heap before
{Heap before GC invocations=4 (full 0):
 garbage-first heap   total 251904K, used 111611K [0x000000070a200000, 0x0000000800000000)
  region size 2048K, 3 young (6144K), 1 survivors (2048K)
 Metaspace       used 6839K, committed 7040K, reserved 1056768K
  class space    used 711K, committed 832K, reserved 1048576K
}
Event: 3.196 GC heap after
{Heap after GC invocations=5 (full 0):
 garbage-first heap   total 251904K, used 103410K [0x000000070a200000, 0x0000000800000000)
  region size 2048K, 1 young (2048K), 1 survivors (2048K)
 Metaspace       used 6839K, committed 7040K, reserved 1056768K
  class space    used 711K, committed 832K, reserved 1048576K
}
Event: 3.245 GC heap before
{Heap before GC invocations=5 (full 0):
 garbage-first heap   total 251904K, used 111602K [0x000000070a200000, 0x0000000800000000)
  region size 2048K, 3 young (6144K), 1 survivors (2048K)
 Metaspace       used 6841K, committed 7040K, reserved 1056768K
  class space    used 711K, committed 832K, reserved 1048576K
}
Event: 3.246 GC heap after
{Heap after GC invocations=6 (full 0):
 garbage-first heap   total 251904K, used 17394K [0x000000070a200000, 0x0000000800000000)
  region size 2048K, 1 young (2048K), 1 survivors (2048K)
 Metaspace       used 6841K, committed 7040K, reserved 1056768K
  class space    used 711K, committed 832K, reserved 1048576K
}
Event: 4.004 GC heap before
{Heap before GC invocations=6 (full 0):
 garbage-first heap   total 251904K, used 111602K [0x000000070a200000, 0x0000000800000000)
  region size 2048K, 3 young (6144K), 1 survivors (2048K)
 Metaspace       used 6874K, committed 7040K, reserved 1056768K
  class space    used 711K, committed 832K, reserved 1048576K
}
Event: 4.004 GC heap after
{Heap after GC invocations=7 (full 0):
 garbage-first heap   total 251904K, used 103412K [0x000000070a200000, 0x0000000800000000)
  region size 2048K, 1 young (2048K), 1 survivors (2048K)
 Metaspace       used 6874K, committed 7040K, reserved 1056768K
  class space    used 711K, committed 832K, reserved 1048576K
}
Event: 4.055 GC heap before
{Heap before GC invocations=7 (full 0):
 garbage-first heap   total 251904K, used 109556K [0x000000070a200000, 0x0000000800000000)
  region size 2048K, 2 young (4096K), 1 survivors (2048K)
 Metaspace       used 6875K, committed 7040K, reserved 1056768K
  class space    used 711K, committed 832K, reserved 1048576K
}
Event: 4.055 GC heap after
{Heap after GC invocations=8 (full 0):
 garbage-first heap   total 251904K, used 17392K [0x000000070a200000, 0x0000000800000000)
  region size 2048K, 1 young (2048K), 1 survivors (2048K)
 Metaspace       used 6875K, committed 7040K, reserved 1056768K
  class space    used 711K, committed 832K, reserved 1048576K
}
Event: 5.261 GC heap before
{Heap before GC invocations=8 (full 0):
 garbage-first heap   total 251904K, used 138224K [0x000000070a200000, 0x0000000800000000)
  region size 2048K, 15 young (30720K), 1 survivors (2048K)
 Metaspace       used 9011K, committed 9280K, reserved 1064960K
  class space    used 907K, committed 1024K, reserved 1048576K
}
Event: 5.264 GC heap after
{Heap after GC invocations=9 (full 0):
 garbage-first heap   total 303104K, used 107711K [0x000000070a200000, 0x0000000800000000)
  region size 2048K, 2 young (4096K), 2 survivors (4096K)
 Metaspace       used 9011K, committed 9280K, reserved 1064960K
  class space    used 907K, committed 1024K, reserved 1048576K
}
Event: 5.504 GC heap before
{Heap before GC invocations=9 (full 0):
 garbage-first heap   total 303104K, used 140479K [0x000000070a200000, 0x0000000800000000)
  region size 2048K, 5 young (10240K), 2 survivors (4096K)
 Metaspace       used 9480K, committed 9664K, reserved 1064960K
  class space    used 940K, committed 1024K, reserved 1048576K
}
Event: 5.505 GC heap after
{Heap after GC invocations=10 (full 0):
 garbage-first heap   total 303104K, used 44646K [0x000000070a200000, 0x0000000800000000)
  region size 2048K, 2 young (4096K), 2 survivors (4096K)
 Metaspace       used 9480K, committed 9664K, reserved 1064960K
  class space    used 940K, committed 1024K, reserved 1048576K
}
Event: 6.281 GC heap before
{Heap before GC invocations=10 (full 0):
 garbage-first heap   total 303104K, used 140902K [0x000000070a200000, 0x0000000800000000)
  region size 2048K, 5 young (10240K), 2 survivors (4096K)
 Metaspace       used 9533K, committed 9728K, reserved 1064960K
  class space    used 940K, committed 1024K, reserved 1048576K
}
Event: 6.283 GC heap after
{Heap after GC invocations=11 (full 0):
 garbage-first heap   total 303104K, used 112264K [0x000000070a200000, 0x0000000800000000)
  region size 2048K, 2 young (4096K), 2 survivors (4096K)
 Metaspace       used 9533K, committed 9728K, reserved 1064960K
  class space    used 940K, committed 1024K, reserved 1048576K
}
Event: 6.484 GC heap before
{Heap before GC invocations=11 (full 0):
 garbage-first heap   total 303104K, used 138888K [0x000000070a200000, 0x0000000800000000)
  region size 2048K, 4 young (8192K), 2 survivors (4096K)
 Metaspace       used 9538K, committed 9728K, reserved 1064960K
  class space    used 940K, committed 1024K, reserved 1048576K
}
Event: 6.485 GC heap after
{Heap after GC invocations=12 (full 0):
 garbage-first heap   total 303104K, used 44659K [0x000000070a200000, 0x0000000800000000)
  region size 2048K, 2 young (4096K), 2 survivors (4096K)
 Metaspace       used 9538K, committed 9728K, reserved 1064960K
  class space    used 940K, committed 1024K, reserved 1048576K
}
Event: 7.312 GC heap before
{Heap before GC invocations=12 (full 0):
 garbage-first heap   total 303104K, used 140915K [0x000000070a200000, 0x0000000800000000)
  region size 2048K, 5 young (10240K), 2 survivors (4096K)
 Metaspace       used 9643K, committed 9792K, reserved 1064960K
  class space    used 945K, committed 1024K, reserved 1048576K
}
Event: 7.313 GC heap after
{Heap after GC invocations=13 (full 0):
 garbage-first heap   total 303104K, used 112972K [0x000000070a200000, 0x0000000800000000)
  region size 2048K, 2 young (4096K), 2 survivors (4096K)
 Metaspace       used 9643K, committed 9792K, reserved 1064960K
  class space    used 945K, committed 1024K, reserved 1048576K
}
Event: 7.518 GC heap before
{Heap before GC invocations=13 (full 0):
 garbage-first heap   total 303104K, used 139596K [0x000000070a200000, 0x0000000800000000)
  region size 2048K, 4 young (8192K), 2 survivors (4096K)
 Metaspace       used 9670K, committed 9856K, reserved 1064960K
  class space    used 945K, committed 1024K, reserved 1048576K
}
Event: 7.519 GC heap after
{Heap after GC invocations=14 (full 0):
 garbage-first heap   total 303104K, used 45369K [0x000000070a200000, 0x0000000800000000)
  region size 2048K, 2 young (4096K), 2 survivors (4096K)
 Metaspace       used 9670K, committed 9856K, reserved 1064960K
  class space    used 945K, committed 1024K, reserved 1048576K
}

