# JRE version: Java(TM) SE Runtime Environment (16.0.1+9) (build 16.0.1+9-24)
# Java VM: Java HotSpot(TM) 64-Bit Server VM (16.0.1+9-24, mixed mode, sharing, tiered, compressed oops, compressed class ptrs, g1 gc, windows-amd64)
GC Precious Log:
 CPUs: 16 total, 16 available
 Memory: 15731M
 Large Page Support: Disabled
 NUMA Support: Disabled
 Compressed Oops: Enabled (Zero based)
 Heap Region Size: 2M
 Heap Min Capacity: 8M
 Heap Initial Capacity: 246M
 Heap Max Capacity: 3934M
 Pre-touch: Disabled
 Parallel Workers: 13
 Concurrent Workers: 3
 Concurrent Refinement Workers: 13
 Periodic GC: Disabled
Heap:
 garbage-first heap   total 329728K, used 143679K [0x000000070a200000, 0x0000000800000000)
  region size 2048K, 4 young (8192K), 2 survivors (4096K)
 Metaspace       used 9688K, committed 9856K, reserved 1064960K
  class space    used 945K, committed 1024K, reserved 1048576K
GC Heap History (20 events):
Event: 1.830 GC heap before
{Heap before GC invocations=1 (full 0):
 garbage-first heap   total 251904K, used 121860K [0x000000070a200000, 0x0000000800000000)
  region size 2048K, 3 young (6144K), 2 survivors (4096K)
 Metaspace       used 6982K, committed 7168K, reserved 1056768K
  class space    used 733K, committed 832K, reserved 1048576K
}
Event: 1.834 GC heap after
{Heap after GC invocations=2 (full 0):
 garbage-first heap   total 251904K, used 17665K [0x000000070a200000, 0x0000000800000000)
  region size 2048K, 1 young (2048K), 1 survivors (2048K)
 Metaspace       used 6982K, committed 7168K, reserved 1056768K
  class space    used 733K, committed 832K, reserved 1048576K
}
Event: 2.624 GC heap before
{Heap before GC invocations=2 (full 0):
 garbage-first heap   total 251904K, used 111873K [0x000000070a200000, 0x0000000800000000)
  region size 2048K, 3 young (6144K), 1 survivors (2048K)
 Metaspace       used 7033K, committed 7168K, reserved 1056768K
  class space    used 733K, committed 832K, reserved 1048576K
}
Event: 2.625 GC heap after
{Heap after GC invocations=3 (full 0):
 garbage-first heap   total 251904K, used 103502K [0x000000070a200000, 0x0000000800000000)
  region size 2048K, 1 young (2048K), 1 survivors (2048K)
 Metaspace       used 7033K, committed 7168K, reserved 1056768K
  class space    used 733K, committed 832K, reserved 1048576K
}
Event: 2.677 GC heap before
{Heap before GC invocations=3 (full 0):
 garbage-first heap   total 251904K, used 111694K [0x000000070a200000, 0x0000000800000000)
  region size 2048K, 3 young (6144K), 1 survivors (2048K)
 Metaspace       used 7036K, committed 7168K, reserved 1056768K
  class space    used 733K, committed 832K, reserved 1048576K
}
Event: 2.678 GC heap after
{Heap after GC invocations=4 (full 0):
 garbage-first heap   total 251904K, used 17413K [0x000000070a200000, 0x0000000800000000)
  region size 2048K, 1 young (2048K), 1 survivors (2048K)
 Metaspace       used 7036K, committed 7168K, reserved 1056768K
  class space    used 733K, committed 832K, reserved 1048576K
}
Event: 3.955 GC heap before
{Heap before GC invocations=4 (full 0):
 garbage-first heap   total 251904K, used 140293K [0x000000070a200000, 0x0000000800000000)
  region size 2048K, 17 young (34816K), 1 survivors (2048K)
 Metaspace       used 9420K, committed 9600K, reserved 1064960K
  class space    used 940K, committed 1024K, reserved 1048576K
}
Event: 3.958 GC heap after
{Heap after GC invocations=5 (full 0):
 garbage-first heap   total 251904K, used 105980K [0x000000070a200000, 0x0000000800000000)
  region size 2048K, 2 young (4096K), 2 survivors (4096K)
 Metaspace       used 9420K, committed 9600K, reserved 1064960K
  class space    used 940K, committed 1024K, reserved 1048576K
}
Event: 4.016 GC heap before
{Heap before GC invocations=5 (full 0):
 garbage-first heap   total 251904K, used 114172K [0x000000070a200000, 0x0000000800000000)
  region size 2048K, 4 young (8192K), 2 survivors (4096K)
 Metaspace       used 9425K, committed 9600K, reserved 1064960K
  class space    used 940K, committed 1024K, reserved 1048576K
}
Event: 4.018 GC heap after
{Heap after GC invocations=6 (full 0):
 garbage-first heap   total 251904K, used 26181K [0x000000070a200000, 0x0000000800000000)
  region size 2048K, 2 young (4096K), 2 survivors (4096K)
 Metaspace       used 9425K, committed 9600K, reserved 1064960K
  class space    used 940K, committed 1024K, reserved 1048576K
}
Event: 4.758 GC heap before
{Heap before GC invocations=6 (full 0):
 garbage-first heap   total 251904K, used 116293K [0x000000070a200000, 0x0000000800000000)
  region size 2048K, 5 young (10240K), 2 survivors (4096K)
 Metaspace       used 9488K, committed 9664K, reserved 1064960K
  class space    used 940K, committed 1024K, reserved 1048576K
}
Event: 4.760 GC heap after
{Heap after GC invocations=7 (full 0):
 garbage-first heap   total 251904K, used 106067K [0x000000070a200000, 0x0000000800000000)
  region size 2048K, 2 young (4096K), 2 survivors (4096K)
 Metaspace       used 9488K, committed 9664K, reserved 1064960K
  class space    used 940K, committed 1024K, reserved 1048576K
}
Event: 4.844 GC heap before
{Heap before GC invocations=7 (full 0):
 garbage-first heap   total 251904K, used 114259K [0x000000070a200000, 0x0000000800000000)
  region size 2048K, 4 young (8192K), 2 survivors (4096K)
 Metaspace       used 9540K, committed 9728K, reserved 1064960K
  class space    used 945K, committed 1024K, reserved 1048576K
}
Event: 4.846 GC heap after
{Heap after GC invocations=8 (full 0):
 garbage-first heap   total 251904K, used 26922K [0x000000070a200000, 0x0000000800000000)
  region size 2048K, 2 young (4096K), 2 survivors (4096K)
 Metaspace       used 9540K, committed 9728K, reserved 1064960K
  class space    used 945K, committed 1024K, reserved 1048576K
}
Event: 5.630 GC heap before
{Heap before GC invocations=8 (full 0):
 garbage-first heap   total 251904K, used 117034K [0x000000070a200000, 0x0000000800000000)
  region size 2048K, 5 young (10240K), 2 survivors (4096K)
 Metaspace       used 9572K, committed 9728K, reserved 1064960K
  class space    used 945K, committed 1024K, reserved 1048576K
}
Event: 5.632 GC heap after
{Heap after GC invocations=9 (full 0):
 garbage-first heap   total 329728K, used 106838K [0x000000070a200000, 0x0000000800000000)
  region size 2048K, 2 young (4096K), 2 survivors (4096K)
 Metaspace       used 9572K, committed 9728K, reserved 1064960K
  class space    used 945K, committed 1024K, reserved 1048576K
}
Event: 6.014 GC heap before
{Heap before GC invocations=9 (full 0):
 garbage-first heap   total 329728K, used 151894K [0x000000070a200000, 0x0000000800000000)
  region size 2048K, 4 young (8192K), 2 survivors (4096K)
 Metaspace       used 9645K, committed 9792K, reserved 1064960K
  class space    used 945K, committed 1024K, reserved 1048576K
}
Event: 6.015 GC heap after
{Heap after GC invocations=10 (full 0):
 garbage-first heap   total 329728K, used 63886K [0x000000070a200000, 0x0000000800000000)
  region size 2048K, 2 young (4096K), 2 survivors (4096K)
 Metaspace       used 9645K, committed 9792K, reserved 1064960K
  class space    used 945K, committed 1024K, reserved 1048576K
}
Event: 6.792 GC heap before
{Heap before GC invocations=10 (full 0):
 garbage-first heap   total 329728K, used 153998K [0x000000070a200000, 0x0000000800000000)
  region size 2048K, 5 young (10240K), 2 survivors (4096K)
 Metaspace       used 9682K, committed 9856K, reserved 1064960K
  class space    used 945K, committed 1024K, reserved 1048576K
}
Event: 6.794 GC heap after
{Heap after GC invocations=11 (full 0):
 garbage-first heap   total 329728K, used 106815K [0x000000070a200000, 0x0000000800000000)
  region size 2048K, 2 young (4096K), 2 survivors (4096K)
 Metaspace       used 9682K, committed 9856K, reserved 1064960K
  class space    used 945K, committed 1024K, reserved 1048576K
}

