# JRE version: Java(TM) SE Runtime Environment (16.0.1+9) (build 16.0.1+9-24)
# Java VM: Java HotSpot(TM) 64-Bit Server VM (16.0.1+9-24, mixed mode, sharing, tiered, compressed oops, compressed class ptrs, g1 gc, windows-amd64)
GC Precious Log:
 CPUs: 16 total, 16 available
 Memory: 15731M
 Large Page Support: Disabled
 NUMA Support: Disabled
 Compressed Oops: Enabled (Zero based)
 Heap Region Size: 2M
 Heap Min Capacity: 8M
 Heap Initial Capacity: 246M
 Heap Max Capacity: 3934M
 Pre-touch: Disabled
 Parallel Workers: 13
 Concurrent Workers: 3
 Concurrent Refinement Workers: 13
 Periodic GC: Disabled
Heap:
 garbage-first heap   total 333824K, used 76171K [0x000000070a200000, 0x0000000800000000)
  region size 2048K, 4 young (8192K), 2 survivors (4096K)
 Metaspace       used 9613K, committed 9792K, reserved 1064960K
  class space    used 936K, committed 1024K, reserved 1048576K
GC Heap History (20 events):
Event: 1.834 GC heap before
{Heap before GC invocations=0 (full 0):
 garbage-first heap   total 251904K, used 122880K [0x000000070a200000, 0x0000000800000000)
  region size 2048K, 6 young (12288K), 0 survivors (0K)
 Metaspace       used 6967K, committed 7168K, reserved 1056768K
  class space    used 732K, committed 832K, reserved 1048576K
}
Event: 1.838 GC heap after
{Heap after GC invocations=1 (full 0):
 garbage-first heap   total 251904K, used 115695K [0x000000070a200000, 0x0000000800000000)
  region size 2048K, 2 young (4096K), 2 survivors (4096K)
 Metaspace       used 6967K, committed 7168K, reserved 1056768K
  class space    used 732K, committed 832K, reserved 1048576K
}
Event: 1.892 GC heap before
{Heap before GC invocations=1 (full 0):
 garbage-first heap   total 251904K, used 121839K [0x000000070a200000, 0x0000000800000000)
  region size 2048K, 3 young (6144K), 2 survivors (4096K)
 Metaspace       used 6973K, committed 7168K, reserved 1056768K
  class space    used 732K, committed 832K, reserved 1048576K
}
Event: 1.895 GC heap after
{Heap after GC invocations=2 (full 0):
 garbage-first heap   total 251904K, used 17529K [0x000000070a200000, 0x0000000800000000)
  region size 2048K, 1 young (2048K), 1 survivors (2048K)
 Metaspace       used 6973K, committed 7168K, reserved 1056768K
  class space    used 732K, committed 832K, reserved 1048576K
}
Event: 2.680 GC heap before
{Heap before GC invocations=2 (full 0):
 garbage-first heap   total 251904K, used 111737K [0x000000070a200000, 0x0000000800000000)
  region size 2048K, 3 young (6144K), 1 survivors (2048K)
 Metaspace       used 7023K, committed 7168K, reserved 1056768K
  class space    used 733K, committed 832K, reserved 1048576K
}
Event: 2.681 GC heap after
{Heap after GC invocations=3 (full 0):
 garbage-first heap   total 251904K, used 103491K [0x000000070a200000, 0x0000000800000000)
  region size 2048K, 1 young (2048K), 1 survivors (2048K)
 Metaspace       used 7023K, committed 7168K, reserved 1056768K
  class space    used 733K, committed 832K, reserved 1048576K
}
Event: 2.732 GC heap before
{Heap before GC invocations=3 (full 0):
 garbage-first heap   total 251904K, used 111683K [0x000000070a200000, 0x0000000800000000)
  region size 2048K, 3 young (6144K), 1 survivors (2048K)
 Metaspace       used 7032K, committed 7232K, reserved 1056768K
  class space    used 733K, committed 832K, reserved 1048576K
}
Event: 2.733 GC heap after
{Heap after GC invocations=4 (full 0):
 garbage-first heap   total 251904K, used 17409K [0x000000070a200000, 0x0000000800000000)
  region size 2048K, 1 young (2048K), 1 survivors (2048K)
 Metaspace       used 7032K, committed 7232K, reserved 1056768K
  class space    used 733K, committed 832K, reserved 1048576K
}
Event: 4.028 GC heap before
{Heap before GC invocations=4 (full 0):
 garbage-first heap   total 251904K, used 140289K [0x000000070a200000, 0x0000000800000000)
  region size 2048K, 17 young (34816K), 1 survivors (2048K)
 Metaspace       used 9361K, committed 9536K, reserved 1064960K
  class space    used 931K, committed 1024K, reserved 1048576K
}
Event: 4.030 GC heap after
{Heap after GC invocations=5 (full 0):
 garbage-first heap   total 251904K, used 105979K [0x000000070a200000, 0x0000000800000000)
  region size 2048K, 2 young (4096K), 2 survivors (4096K)
 Metaspace       used 9361K, committed 9536K, reserved 1064960K
  class space    used 931K, committed 1024K, reserved 1048576K
}
Event: 4.085 GC heap before
{Heap before GC invocations=5 (full 0):
 garbage-first heap   total 251904K, used 114171K [0x000000070a200000, 0x0000000800000000)
  region size 2048K, 4 young (8192K), 2 survivors (4096K)
 Metaspace       used 9366K, committed 9600K, reserved 1064960K
  class space    used 931K, committed 1024K, reserved 1048576K
}
Event: 4.087 GC heap after
{Heap after GC invocations=6 (full 0):
 garbage-first heap   total 251904K, used 26203K [0x000000070a200000, 0x0000000800000000)
  region size 2048K, 2 young (4096K), 2 survivors (4096K)
 Metaspace       used 9366K, committed 9600K, reserved 1064960K
  class space    used 931K, committed 1024K, reserved 1048576K
}
Event: 4.831 GC heap before
{Heap before GC invocations=6 (full 0):
 garbage-first heap   total 251904K, used 116315K [0x000000070a200000, 0x0000000800000000)
  region size 2048K, 5 young (10240K), 2 survivors (4096K)
 Metaspace       used 9434K, committed 9664K, reserved 1064960K
  class space    used 931K, committed 1024K, reserved 1048576K
}
Event: 4.833 GC heap after
{Heap after GC invocations=7 (full 0):
 garbage-first heap   total 251904K, used 106136K [0x000000070a200000, 0x0000000800000000)
  region size 2048K, 2 young (4096K), 2 survivors (4096K)
 Metaspace       used 9434K, committed 9664K, reserved 1064960K
  class space    used 931K, committed 1024K, reserved 1048576K
}
Event: 4.887 GC heap before
{Heap before GC invocations=7 (full 0):
 garbage-first heap   total 251904K, used 114328K [0x000000070a200000, 0x0000000800000000)
  region size 2048K, 4 young (8192K), 2 survivors (4096K)
 Metaspace       used 9444K, committed 9664K, reserved 1064960K
  class space    used 931K, committed 1024K, reserved 1048576K
}
Event: 4.890 GC heap after
{Heap after GC invocations=8 (full 0):
 garbage-first heap   total 251904K, used 26218K [0x000000070a200000, 0x0000000800000000)
  region size 2048K, 2 young (4096K), 2 survivors (4096K)
 Metaspace       used 9444K, committed 9664K, reserved 1064960K
  class space    used 931K, committed 1024K, reserved 1048576K
}
Event: 5.689 GC heap before
{Heap before GC invocations=8 (full 0):
 garbage-first heap   total 251904K, used 116330K [0x000000070a200000, 0x0000000800000000)
  region size 2048K, 5 young (10240K), 2 survivors (4096K)
 Metaspace       used 9534K, committed 9728K, reserved 1064960K
  class space    used 936K, committed 1024K, reserved 1048576K
}
Event: 5.691 GC heap after
{Heap after GC invocations=9 (full 0):
 garbage-first heap   total 333824K, used 106852K [0x000000070a200000, 0x0000000800000000)
  region size 2048K, 2 young (4096K), 2 survivors (4096K)
 Metaspace       used 9534K, committed 9728K, reserved 1064960K
  class space    used 936K, committed 1024K, reserved 1048576K
}
Event: 6.076 GC heap before
{Heap before GC invocations=9 (full 0):
 garbage-first heap   total 333824K, used 153956K [0x000000070a200000, 0x0000000800000000)
  region size 2048K, 5 young (10240K), 2 survivors (4096K)
 Metaspace       used 9611K, committed 9792K, reserved 1064960K
  class space    used 936K, committed 1024K, reserved 1048576K
}
Event: 6.079 GC heap after
{Heap after GC invocations=10 (full 0):
 garbage-first heap   total 333824K, used 63883K [0x000000070a200000, 0x0000000800000000)
  region size 2048K, 2 young (4096K), 2 survivors (4096K)
 Metaspace       used 9611K, committed 9792K, reserved 1064960K
  class space    used 936K, committed 1024K, reserved 1048576K
}

