# JRE version: Java(TM) SE Runtime Environment (16.0.1+9) (build 16.0.1+9-24)
# Java VM: Java HotSpot(TM) 64-Bit Server VM (16.0.1+9-24, mixed mode, sharing, tiered, compressed oops, compressed class ptrs, g1 gc, windows-amd64)
GC Precious Log:
 CPUs: 16 total, 16 available
 Memory: 15731M
 Large Page Support: Disabled
 NUMA Support: Disabled
 Compressed Oops: Enabled (Zero based)
 Heap Region Size: 2M
 Heap Min Capacity: 8M
 Heap Initial Capacity: 246M
 Heap Max Capacity: 3934M
 Pre-touch: Disabled
 Parallel Workers: 13
 Concurrent Workers: 3
 Concurrent Refinement Workers: 13
 Periodic GC: Disabled
Heap:
 garbage-first heap   total 303104K, used 106890K [0x000000070a200000, 0x0000000800000000)
  region size 2048K, 4 young (8192K), 2 survivors (4096K)
 Metaspace       used 9740K, committed 9920K, reserved 1064960K
  class space    used 935K, committed 1024K, reserved 1048576K
GC Heap History (20 events):
Event: 4.431 GC heap before
{Heap before GC invocations=6 (full 0):
 garbage-first heap   total 251904K, used 140260K [0x000000070a200000, 0x0000000800000000)
  region size 2048K, 17 young (34816K), 1 survivors (2048K)
 Metaspace       used 9379K, committed 9600K, reserved 1064960K
  class space    used 930K, committed 1024K, reserved 1048576K
}
Event: 4.434 GC heap after
{Heap after GC invocations=7 (full 0):
 garbage-first heap   total 251904K, used 106018K [0x000000070a200000, 0x0000000800000000)
  region size 2048K, 2 young (4096K), 2 survivors (4096K)
 Metaspace       used 9379K, committed 9600K, reserved 1064960K
  class space    used 930K, committed 1024K, reserved 1048576K
}
Event: 4.486 GC heap before
{Heap before GC invocations=7 (full 0):
 garbage-first heap   total 251904K, used 114210K [0x000000070a200000, 0x0000000800000000)
  region size 2048K, 4 young (8192K), 2 survivors (4096K)
 Metaspace       used 9383K, committed 9600K, reserved 1064960K
  class space    used 930K, committed 1024K, reserved 1048576K
}
Event: 4.487 GC heap after
{Heap after GC invocations=8 (full 0):
 garbage-first heap   total 251904K, used 26117K [0x000000070a200000, 0x0000000800000000)
  region size 2048K, 2 young (4096K), 2 survivors (4096K)
 Metaspace       used 9383K, committed 9600K, reserved 1064960K
  class space    used 930K, committed 1024K, reserved 1048576K
}
Event: 5.204 GC heap before
{Heap before GC invocations=8 (full 0):
 garbage-first heap   total 251904K, used 116229K [0x000000070a200000, 0x0000000800000000)
  region size 2048K, 5 young (10240K), 2 survivors (4096K)
 Metaspace       used 9434K, committed 9600K, reserved 1064960K
  class space    used 930K, committed 1024K, reserved 1048576K
}
Event: 5.206 GC heap after
{Heap after GC invocations=9 (full 0):
 garbage-first heap   total 303104K, used 106029K [0x000000070a200000, 0x0000000800000000)
  region size 2048K, 2 young (4096K), 2 survivors (4096K)
 Metaspace       used 9434K, committed 9600K, reserved 1064960K
  class space    used 930K, committed 1024K, reserved 1048576K
}
Event: 5.472 GC heap before
{Heap before GC invocations=9 (full 0):
 garbage-first heap   total 303104K, used 140845K [0x000000070a200000, 0x0000000800000000)
  region size 2048K, 5 young (10240K), 2 survivors (4096K)
 Metaspace       used 9480K, committed 9664K, reserved 1064960K
  class space    used 930K, committed 1024K, reserved 1048576K
}
Event: 5.474 GC heap after
{Heap after GC invocations=10 (full 0):
 garbage-first heap   total 303104K, used 50829K [0x000000070a200000, 0x0000000800000000)
  region size 2048K, 2 young (4096K), 2 survivors (4096K)
 Metaspace       used 9480K, committed 9664K, reserved 1064960K
  class space    used 930K, committed 1024K, reserved 1048576K
}
Event: 6.191 GC heap before
{Heap before GC invocations=10 (full 0):
 garbage-first heap   total 303104K, used 138893K [0x000000070a200000, 0x0000000800000000)
  region size 2048K, 4 young (8192K), 2 survivors (4096K)
 Metaspace       used 9538K, committed 9728K, reserved 1064960K
  class space    used 930K, committed 1024K, reserved 1048576K
}
Event: 6.193 GC heap after
{Heap after GC invocations=11 (full 0):
 garbage-first heap   total 303104K, used 106137K [0x000000070a200000, 0x0000000800000000)
  region size 2048K, 2 young (4096K), 2 survivors (4096K)
 Metaspace       used 9538K, committed 9728K, reserved 1064960K
  class space    used 930K, committed 1024K, reserved 1048576K
}
Event: 6.451 GC heap before
{Heap before GC invocations=11 (full 0):
 garbage-first heap   total 303104K, used 140953K [0x000000070a200000, 0x0000000800000000)
  region size 2048K, 5 young (10240K), 2 survivors (4096K)
 Metaspace       used 9548K, committed 9728K, reserved 1064960K
  class space    used 930K, committed 1024K, reserved 1048576K
}
Event: 6.452 GC heap after
{Heap after GC invocations=12 (full 0):
 garbage-first heap   total 303104K, used 50807K [0x000000070a200000, 0x0000000800000000)
  region size 2048K, 2 young (4096K), 2 survivors (4096K)
 Metaspace       used 9548K, committed 9728K, reserved 1064960K
  class space    used 930K, committed 1024K, reserved 1048576K
}
Event: 7.178 GC heap before
{Heap before GC invocations=12 (full 0):
 garbage-first heap   total 303104K, used 140919K [0x000000070a200000, 0x0000000800000000)
  region size 2048K, 5 young (10240K), 2 survivors (4096K)
 Metaspace       used 9600K, committed 9792K, reserved 1064960K
  class space    used 931K, committed 1024K, reserved 1048576K
}
Event: 7.179 GC heap after
{Heap after GC invocations=13 (full 0):
 garbage-first heap   total 303104K, used 106218K [0x000000070a200000, 0x0000000800000000)
  region size 2048K, 2 young (4096K), 2 survivors (4096K)
 Metaspace       used 9600K, committed 9792K, reserved 1064960K
  class space    used 931K, committed 1024K, reserved 1048576K
}
Event: 7.439 GC heap before
{Heap before GC invocations=13 (full 0):
 garbage-first heap   total 303104K, used 141034K [0x000000070a200000, 0x0000000800000000)
  region size 2048K, 5 young (10240K), 2 survivors (4096K)
 Metaspace       used 9649K, committed 9856K, reserved 1064960K
  class space    used 931K, committed 1024K, reserved 1048576K
}
Event: 7.440 GC heap after
{Heap after GC invocations=14 (full 0):
 garbage-first heap   total 303104K, used 50868K [0x000000070a200000, 0x0000000800000000)
  region size 2048K, 2 young (4096K), 2 survivors (4096K)
 Metaspace       used 9649K, committed 9856K, reserved 1064960K
  class space    used 931K, committed 1024K, reserved 1048576K
}
Event: 8.194 GC heap before
{Heap before GC invocations=14 (full 0):
 garbage-first heap   total 303104K, used 140980K [0x000000070a200000, 0x0000000800000000)
  region size 2048K, 5 young (10240K), 2 survivors (4096K)
 Metaspace       used 9728K, committed 9920K, reserved 1064960K
  class space    used 935K, committed 1024K, reserved 1048576K
}
Event: 8.195 GC heap after
{Heap after GC invocations=15 (full 0):
 garbage-first heap   total 303104K, used 106845K [0x000000070a200000, 0x0000000800000000)
  region size 2048K, 2 young (4096K), 2 survivors (4096K)
 Metaspace       used 9728K, committed 9920K, reserved 1064960K
  class space    used 935K, committed 1024K, reserved 1048576K
}
Event: 8.468 GC heap before
{Heap before GC invocations=15 (full 0):
 garbage-first heap   total 303104K, used 141661K [0x000000070a200000, 0x0000000800000000)
  region size 2048K, 5 young (10240K), 2 survivors (4096K)
 Metaspace       used 9734K, committed 9920K, reserved 1064960K
  class space    used 935K, committed 1024K, reserved 1048576K
}
Event: 8.470 GC heap after
{Heap after GC invocations=16 (full 0):
 garbage-first heap   total 303104K, used 51594K [0x000000070a200000, 0x0000000800000000)
  region size 2048K, 2 young (4096K), 2 survivors (4096K)
 Metaspace       used 9734K, committed 9920K, reserved 1064960K
  class space    used 935K, committed 1024K, reserved 1048576K
}

