# JRE version: Java(TM) SE Runtime Environment (16.0.1+9) (build 16.0.1+9-24)
# Java VM: Java HotSpot(TM) 64-Bit Server VM (16.0.1+9-24, mixed mode, sharing, tiered, compressed oops, compressed class ptrs, g1 gc, windows-amd64)
GC Precious Log:
 CPUs: 16 total, 16 available
 Memory: 15731M
 Large Page Support: Disabled
 NUMA Support: Disabled
 Compressed Oops: Enabled (Zero based)
 Heap Region Size: 2M
 Heap Min Capacity: 8M
 Heap Initial Capacity: 246M
 Heap Max Capacity: 3934M
 Pre-touch: Disabled
 Parallel Workers: 13
 Concurrent Workers: 3
 Concurrent Refinement Workers: 13
 Periodic GC: Disabled
Heap:
 garbage-first heap   total 325632K, used 149839K [0x000000070a200000, 0x0000000800000000)
  region size 2048K, 4 young (8192K), 2 survivors (4096K)
 Metaspace       used 9807K, committed 9984K, reserved 1064960K
  class space    used 945K, committed 1024K, reserved 1048576K
GC Heap History (20 events):
Event: 4.273 GC heap before
{Heap before GC invocations=5 (full 0):
 garbage-first heap   total 251904K, used 112971K [0x000000070a200000, 0x0000000800000000)
  region size 2048K, 3 young (6144K), 2 survivors (4096K)
 Metaspace       used 9490K, committed 9664K, reserved 1064960K
  class space    used 945K, committed 1024K, reserved 1048576K
}
Event: 4.275 GC heap after
{Heap after GC invocations=6 (full 0):
 garbage-first heap   total 251904K, used 27004K [0x000000070a200000, 0x0000000800000000)
  region size 2048K, 2 young (4096K), 2 survivors (4096K)
 Metaspace       used 9490K, committed 9664K, reserved 1064960K
  class space    used 945K, committed 1024K, reserved 1048576K
}
Event: 5.042 GC heap before
{Heap before GC invocations=6 (full 0):
 garbage-first heap   total 251904K, used 117116K [0x000000070a200000, 0x0000000800000000)
  region size 2048K, 5 young (10240K), 2 survivors (4096K)
 Metaspace       used 9532K, committed 9728K, reserved 1064960K
  class space    used 945K, committed 1024K, reserved 1048576K
}
Event: 5.043 GC heap after
{Heap after GC invocations=7 (full 0):
 garbage-first heap   total 251904K, used 106868K [0x000000070a200000, 0x0000000800000000)
  region size 2048K, 2 young (4096K), 2 survivors (4096K)
 Metaspace       used 9532K, committed 9728K, reserved 1064960K
  class space    used 945K, committed 1024K, reserved 1048576K
}
Event: 5.165 GC heap before
{Heap before GC invocations=7 (full 0):
 garbage-first heap   total 251904K, used 131444K [0x000000070a200000, 0x0000000800000000)
  region size 2048K, 10 young (20480K), 2 survivors (4096K)
 Metaspace       used 9565K, committed 9728K, reserved 1064960K
  class space    used 945K, committed 1024K, reserved 1048576K
}
Event: 5.166 GC heap after
{Heap after GC invocations=8 (full 0):
 garbage-first heap   total 251904K, used 26899K [0x000000070a200000, 0x0000000800000000)
  region size 2048K, 2 young (4096K), 2 survivors (4096K)
 Metaspace       used 9565K, committed 9728K, reserved 1064960K
  class space    used 945K, committed 1024K, reserved 1048576K
}
Event: 5.999 GC heap before
{Heap before GC invocations=8 (full 0):
 garbage-first heap   total 251904K, used 129299K [0x000000070a200000, 0x0000000800000000)
  region size 2048K, 11 young (22528K), 2 survivors (4096K)
 Metaspace       used 9627K, committed 9792K, reserved 1064960K
  class space    used 945K, committed 1024K, reserved 1048576K
}
Event: 6.001 GC heap after
{Heap after GC invocations=9 (full 0):
 garbage-first heap   total 325632K, used 106908K [0x000000070a200000, 0x0000000800000000)
  region size 2048K, 2 young (4096K), 2 survivors (4096K)
 Metaspace       used 9627K, committed 9792K, reserved 1064960K
  class space    used 945K, committed 1024K, reserved 1048576K
}
Event: 6.406 GC heap before
{Heap before GC invocations=9 (full 0):
 garbage-first heap   total 325632K, used 160156K [0x000000070a200000, 0x0000000800000000)
  region size 2048K, 8 young (16384K), 2 survivors (4096K)
 Metaspace       used 9671K, committed 9856K, reserved 1064960K
  class space    used 945K, committed 1024K, reserved 1048576K
}
Event: 6.408 GC heap after
{Heap after GC invocations=10 (full 0):
 garbage-first heap   total 325632K, used 63874K [0x000000070a200000, 0x0000000800000000)
  region size 2048K, 2 young (4096K), 2 survivors (4096K)
 Metaspace       used 9671K, committed 9856K, reserved 1064960K
  class space    used 945K, committed 1024K, reserved 1048576K
}
Event: 7.186 GC heap before
{Heap before GC invocations=10 (full 0):
 garbage-first heap   total 325632K, used 164226K [0x000000070a200000, 0x0000000800000000)
  region size 2048K, 10 young (20480K), 2 survivors (4096K)
 Metaspace       used 9705K, committed 9920K, reserved 1064960K
  class space    used 945K, committed 1024K, reserved 1048576K
}
Event: 7.188 GC heap after
{Heap after GC invocations=11 (full 0):
 garbage-first heap   total 325632K, used 106878K [0x000000070a200000, 0x0000000800000000)
  region size 2048K, 2 young (4096K), 2 survivors (4096K)
 Metaspace       used 9705K, committed 9920K, reserved 1064960K
  class space    used 945K, committed 1024K, reserved 1048576K
}
Event: 7.574 GC heap before
{Heap before GC invocations=11 (full 0):
 garbage-first heap   total 325632K, used 153982K [0x000000070a200000, 0x0000000800000000)
  region size 2048K, 5 young (10240K), 2 survivors (4096K)
 Metaspace       used 9730K, committed 9920K, reserved 1064960K
  class space    used 945K, committed 1024K, reserved 1048576K
}
Event: 7.575 GC heap after
{Heap after GC invocations=12 (full 0):
 garbage-first heap   total 325632K, used 63898K [0x000000070a200000, 0x0000000800000000)
  region size 2048K, 2 young (4096K), 2 survivors (4096K)
 Metaspace       used 9730K, committed 9920K, reserved 1064960K
  class space    used 945K, committed 1024K, reserved 1048576K
}
Event: 8.390 GC heap before
{Heap before GC invocations=12 (full 0):
 garbage-first heap   total 325632K, used 166298K [0x000000070a200000, 0x0000000800000000)
  region size 2048K, 11 young (22528K), 2 survivors (4096K)
 Metaspace       used 9777K, committed 9984K, reserved 1064960K
  class space    used 945K, committed 1024K, reserved 1048576K
}
Event: 8.392 GC heap after
{Heap after GC invocations=13 (full 0):
 garbage-first heap   total 325632K, used 106809K [0x000000070a200000, 0x0000000800000000)
  region size 2048K, 2 young (4096K), 2 survivors (4096K)
 Metaspace       used 9777K, committed 9984K, reserved 1064960K
  class space    used 945K, committed 1024K, reserved 1048576K
}
Event: 8.785 GC heap before
{Heap before GC invocations=13 (full 0):
 garbage-first heap   total 325632K, used 158009K [0x000000070a200000, 0x0000000800000000)
  region size 2048K, 7 young (14336K), 2 survivors (4096K)
 Metaspace       used 9791K, committed 9984K, reserved 1064960K
  class space    used 945K, committed 1024K, reserved 1048576K
}
Event: 8.787 GC heap after
{Heap after GC invocations=14 (full 0):
 garbage-first heap   total 325632K, used 63864K [0x000000070a200000, 0x0000000800000000)
  region size 2048K, 2 young (4096K), 2 survivors (4096K)
 Metaspace       used 9791K, committed 9984K, reserved 1064960K
  class space    used 945K, committed 1024K, reserved 1048576K
}
Event: 9.550 GC heap before
{Heap before GC invocations=14 (full 0):
 garbage-first heap   total 325632K, used 158072K [0x000000070a200000, 0x0000000800000000)
  region size 2048K, 7 young (14336K), 2 survivors (4096K)
 Metaspace       used 9806K, committed 9984K, reserved 1064960K
  class space    used 945K, committed 1024K, reserved 1048576K
}
Event: 9.552 GC heap after
{Heap after GC invocations=15 (full 0):
 garbage-first heap   total 325632K, used 106831K [0x000000070a200000, 0x0000000800000000)
  region size 2048K, 2 young (4096K), 2 survivors (4096K)
 Metaspace       used 9806K, committed 9984K, reserved 1064960K
  class space    used 945K, committed 1024K, reserved 1048576K
}

